2018-12-27 13:52:35:542 - info: [Appium] Welcome to Appium v1.9.1
2018-12-27 13:52:35:544 - info: [Appium] Non-default server args:
2018-12-27 13:52:35:545 - info: [Appium]   port: 4568
2018-12-27 13:52:35:545 - info: [Appium]   bootstrapPort: 5557
2018-12-27 13:52:35:545 - info: [Appium]   sessionOverride: true
2018-12-27 13:52:35:546 - info: [Appium]   log: /Users/rahularora/Desktop/appiumgridfiles/appium_2.log
2018-12-27 13:52:35:546 - info: [Appium]   nodeconfig: /Users/rahularora/Desktop/appiumgridfiles/device2.json
2018-12-27 13:52:35:546 - info: [Appium]   tmpDir: /tmp/iphone7plus
2018-12-27 13:52:35:547 - info: [Appium]   wdaLocalPort: 8201
2018-12-27 13:52:35:547 - info: [Appium]   udid: 7ae544323f497983cf0729bc81d5e6128342a125
2018-12-27 13:52:35:548 - warn: [Appium] Deprecated server args:
2018-12-27 13:52:35:548 - warn: [Appium]   -U,--udid => --default-capabilities '{"udid":"7ae544323f497983cf0729bc81d5e6128342a125"}'
2018-12-27 13:52:35:549 - info: [Appium] Default capabilities, which will be added to each request unless overridden by desired capabilities:
2018-12-27 13:52:35:549 - info: [Appium]   udid: 7ae544323f497983cf0729bc81d5e6128342a125
2018-12-27 13:52:35:613 - info: [debug] [Appium] Starting auto register thread for grid. Will try to register every 5000 ms.
2018-12-27 13:52:35:615 - info: [Appium] Appium REST http interface listener started on 0.0.0.0:4568
2018-12-27 13:52:40:636 - info: [debug] [Appium] Appium successfully registered with the grid on http://localhost:4444
2018-12-27 13:52:42:653 - info: [HTTP] --> GET /wd/hub/status
2018-12-27 13:52:42:653 - info: [HTTP] {}
2018-12-27 13:52:42:656 - info: [debug] [GENERIC] Calling AppiumDriver.getStatus() with args: []
2018-12-27 13:52:42:658 - info: [debug] [GENERIC] Responding to client with driver.getStatus() result: {"build":{"version":"1.9.1","git-sha":"f9ee7d068e14f10729f88ebd85db802c2e8ac21a","built":"2018-09-20T18:14:29Z"}}
2018-12-27 13:52:42:662 - info: [HTTP] <-- GET /wd/hub/status 200 7 ms - 151
2018-12-27 13:52:42:662 - info: [HTTP] 
2018-12-27 13:52:44:671 - info: [HTTP] --> GET /wd/hub/status
2018-12-27 13:52:44:672 - info: [HTTP] {}
2018-12-27 13:52:44:672 - info: [debug] [GENERIC] Calling AppiumDriver.getStatus() with args: []
2018-12-27 13:52:44:673 - info: [debug] [GENERIC] Responding to client with driver.getStatus() result: {"build":{"version":"1.9.1","git-sha":"f9ee7d068e14f10729f88ebd85db802c2e8ac21a","built":"2018-09-20T18:14:29Z"}}
2018-12-27 13:52:44:674 - info: [HTTP] <-- GET /wd/hub/status 200 2 ms - 151
2018-12-27 13:52:44:674 - info: [HTTP] 
2018-12-27 13:52:46:684 - info: [HTTP] --> GET /wd/hub/status
2018-12-27 13:52:46:685 - info: [HTTP] {}
2018-12-27 13:52:46:685 - info: [debug] [GENERIC] Calling AppiumDriver.getStatus() with args: []
2018-12-27 13:52:46:686 - info: [debug] [GENERIC] Responding to client with driver.getStatus() result: {"build":{"version":"1.9.1","git-sha":"f9ee7d068e14f10729f88ebd85db802c2e8ac21a","built":"2018-09-20T18:14:29Z"}}
2018-12-27 13:52:46:687 - info: [HTTP] <-- GET /wd/hub/status 200 2 ms - 151
2018-12-27 13:52:46:687 - info: [HTTP] 
2018-12-27 13:52:48:694 - info: [HTTP] --> GET /wd/hub/status
2018-12-27 13:52:48:694 - info: [HTTP] {}
2018-12-27 13:52:48:695 - info: [debug] [GENERIC] Calling AppiumDriver.getStatus() with args: []
2018-12-27 13:52:48:695 - info: [debug] [GENERIC] Responding to client with driver.getStatus() result: {"build":{"version":"1.9.1","git-sha":"f9ee7d068e14f10729f88ebd85db802c2e8ac21a","built":"2018-09-20T18:14:29Z"}}
2018-12-27 13:52:48:696 - info: [HTTP] <-- GET /wd/hub/status 200 2 ms - 151
2018-12-27 13:52:48:696 - info: [HTTP] 
2018-12-27 13:52:50:710 - info: [HTTP] --> GET /wd/hub/status
2018-12-27 13:52:50:710 - info: [HTTP] {}
2018-12-27 13:52:50:710 - info: [debug] [GENERIC] Calling AppiumDriver.getStatus() with args: []
2018-12-27 13:52:50:711 - info: [debug] [GENERIC] Responding to client with driver.getStatus() result: {"build":{"version":"1.9.1","git-sha":"f9ee7d068e14f10729f88ebd85db802c2e8ac21a","built":"2018-09-20T18:14:29Z"}}
2018-12-27 13:52:50:711 - info: [HTTP] <-- GET /wd/hub/status 200 1 ms - 151
2018-12-27 13:52:50:712 - info: [HTTP] 
2018-12-27 13:52:52:723 - info: [HTTP] --> GET /wd/hub/status
2018-12-27 13:52:52:724 - info: [HTTP] {}
2018-12-27 13:52:52:724 - info: [debug] [GENERIC] Calling AppiumDriver.getStatus() with args: []
2018-12-27 13:52:52:725 - info: [debug] [GENERIC] Responding to client with driver.getStatus() result: {"build":{"version":"1.9.1","git-sha":"f9ee7d068e14f10729f88ebd85db802c2e8ac21a","built":"2018-09-20T18:14:29Z"}}
2018-12-27 13:52:52:726 - info: [HTTP] <-- GET /wd/hub/status 200 3 ms - 151
2018-12-27 13:52:52:727 - info: [HTTP] 
2018-12-27 13:52:54:735 - info: [HTTP] --> GET /wd/hub/status
2018-12-27 13:52:54:735 - info: [HTTP] {}
2018-12-27 13:52:54:735 - info: [debug] [GENERIC] Calling AppiumDriver.getStatus() with args: []
2018-12-27 13:52:54:736 - info: [debug] [GENERIC] Responding to client with driver.getStatus() result: {"build":{"version":"1.9.1","git-sha":"f9ee7d068e14f10729f88ebd85db802c2e8ac21a","built":"2018-09-20T18:14:29Z"}}
2018-12-27 13:52:54:737 - info: [HTTP] <-- GET /wd/hub/status 200 2 ms - 151
2018-12-27 13:52:54:738 - info: [HTTP] 
2018-12-27 13:52:56:743 - info: [HTTP] --> GET /wd/hub/status
2018-12-27 13:52:56:743 - info: [HTTP] {}
2018-12-27 13:52:56:744 - info: [debug] [GENERIC] Calling AppiumDriver.getStatus() with args: []
2018-12-27 13:52:56:744 - info: [debug] [GENERIC] Responding to client with driver.getStatus() result: {"build":{"version":"1.9.1","git-sha":"f9ee7d068e14f10729f88ebd85db802c2e8ac21a","built":"2018-09-20T18:14:29Z"}}
2018-12-27 13:52:56:745 - info: [HTTP] <-- GET /wd/hub/status 200 2 ms - 151
2018-12-27 13:52:56:746 - info: [HTTP] 
2018-12-27 13:52:58:753 - info: [HTTP] --> GET /wd/hub/status
2018-12-27 13:52:58:753 - info: [HTTP] {}
2018-12-27 13:52:58:753 - info: [debug] [GENERIC] Calling AppiumDriver.getStatus() with args: []
2018-12-27 13:52:58:754 - info: [debug] [GENERIC] Responding to client with driver.getStatus() result: {"build":{"version":"1.9.1","git-sha":"f9ee7d068e14f10729f88ebd85db802c2e8ac21a","built":"2018-09-20T18:14:29Z"}}
2018-12-27 13:52:58:755 - info: [HTTP] <-- GET /wd/hub/status 200 2 ms - 151
2018-12-27 13:52:58:755 - info: [HTTP] 
2018-12-27 13:53:00:147 - info: [HTTP] --> POST /wd/hub/session
2018-12-27 13:53:00:148 - info: [HTTP] {"desiredCapabilities":{"app":"/Users/rahularora/Library/Developer/Xcode/DerivedData/WebDriverAgent-brdadhpuduowllgivnnvuygpwhzy/Build/Products/Debug-iphoneos/IntegrationApp.app","server:CONFIG_UUID":"7d81347f-f278-41d5-b560-4209c112380f","platformVersion":"12.1.2","automationName":"XCUITest","platformName":"ios","udid":"7ae544323f497983cf0729bc81d5e6128342a125","deviceName":"iPhone 7 plus","wdaLocalPort":8201},"capabilities":{"firstMatch":[{"platformName":"ios","server:CONFIG_UUID":"7d81347f-f278-41d5-b560-4209c112380f"}]}}
2018-12-27 13:53:00:148 - info: [debug] [W3C] Calling AppiumDriver.createSession() with args: [{"app":"/Users/rahularora/Library/Developer/Xcode/DerivedData/WebDriverAgent-brdadhpuduowllgivnnvuygpwhzy/Build/Products/Debug-iphoneos/IntegrationApp.app","server:CONFIG_UUID":"7d81347f-f278-41d5-b560-4209c112380f","platformVersion":"12.1.2","automationName":"XCUITest","platformName":"ios","udid":"7ae544323f497983cf0729bc81d5e6128342a125","deviceName":"iPhone 7 plus","wdaLocalPort":8201},null,{"firstMatch":[{"platformName":"ios","server:CONFIG_UUID":"7d81347f-f278-41d5-b560-4209c112380f"}]}]
2018-12-27 13:53:00:149 - info: [debug] [BaseDriver] Event 'newSessionRequested' logged at 1545918780149 (19:23:00 GMT+0530 (IST))
2018-12-27 13:53:00:157 - warn: [BaseDriver] The capabilities ["udid"] are not standard capabilities and should have an extension prefix
2018-12-27 13:53:00:165 - info: [Appium] Could not parse W3C capabilities: 'deviceName' can't be blank
2018-12-27 13:53:00:165 - info: [Appium] Trying to fix W3C capabilities by merging them with JSONWP caps
2018-12-27 13:53:00:167 - warn: [BaseDriver] The capabilities ["app","platformVersion","automationName","deviceName","wdaLocalPort","udid"] are not standard capabilities and should have an extension prefix
2018-12-27 13:53:00:173 - info: [Appium] Creating new XCUITestDriver (v2.94.2) session
2018-12-27 13:53:00:174 - info: [Appium] Capabilities:
2018-12-27 13:53:00:174 - info: [Appium]   app: /Users/rahularora/Library/Developer/Xcode/DerivedData/WebDriverAgent-brdadhpuduowllgivnnvuygpwhzy/Build/Products/Debug-iphoneos/IntegrationApp.app
2018-12-27 13:53:00:174 - info: [Appium]   platformVersion: 12.1.2
2018-12-27 13:53:00:175 - info: [Appium]   automationName: XCUITest
2018-12-27 13:53:00:175 - info: [Appium]   deviceName: iPhone 7 plus
2018-12-27 13:53:00:176 - info: [Appium]   wdaLocalPort: 8201
2018-12-27 13:53:00:176 - info: [Appium]   platformName: ios
2018-12-27 13:53:00:177 - info: [Appium]   server:CONFIG_UUID: 7d81347f-f278-41d5-b560-4209c112380f
2018-12-27 13:53:00:177 - info: [Appium]   udid: 7ae544323f497983cf0729bc81d5e6128342a125
2018-12-27 13:53:00:183 - info: [debug] [BaseDriver] W3C capabilities {"alwaysMatch":{"appium:app... and MJSONWP desired capabilities {"udid":"7ae544323f497983cf... were provided
2018-12-27 13:53:00:184 - info: [debug] [BaseDriver] Creating session with W3C capabilities: {"alwaysMatch":{"appium:app...
2018-12-27 13:53:00:195 - warn: [BaseDriver] The following capabilities were provided, but are not recognized by appium: server:CONFIG_UUID.
2018-12-27 13:53:00:196 - info: [BaseDriver] Session created with session id: 09c0bfcd-78ea-44e0-8ba5-3199658246d2
2018-12-27 13:53:00:336 - info: [debug] [XCUITest] Current user: 'rahularora'
2018-12-27 13:53:00:739 - info: [debug] [XCUITest] Xcode version set to '10.1' (tools v10.1.0.0.1.1539992718)
2018-12-27 13:53:00:750 - info: [debug] [XCUITest] iOS SDK Version set to '12.1'
2018-12-27 13:53:00:750 - info: [debug] [BaseDriver] Event 'xcodeDetailsRetrieved' logged at 1545918780750 (19:23:00 GMT+0530 (IST))
2018-12-27 13:53:00:765 - info: [HTTP] --> GET /wd/hub/status
2018-12-27 13:53:00:766 - info: [HTTP] {}
2018-12-27 13:53:00:766 - info: [debug] [GENERIC] Calling AppiumDriver.getStatus() with args: []
2018-12-27 13:53:00:767 - info: [debug] [GENERIC] Responding to client with driver.getStatus() result: {"build":{"version":"1.9.1","git-sha":"f9ee7d068e14f10729f88ebd85db802c2e8ac21a","built":"2018-09-20T18:14:29Z"}}
2018-12-27 13:53:00:768 - info: [HTTP] <-- GET /wd/hub/status 200 2 ms - 151
2018-12-27 13:53:00:768 - info: [HTTP] 
2018-12-27 13:53:01:524 - info: [debug] [XCUITest] Available devices: 7ae544323f497983cf0729bc81d5e6128342a125, 571e1c5acf8c4e0d47c6d146186d8749c8fab5b0
2018-12-27 13:53:01:525 - info: [debug] [XCUITest] Creating iDevice object with udid '7ae544323f497983cf0729bc81d5e6128342a125'
2018-12-27 13:53:01:525 - info: [XCUITest] Determining device to run tests on: udid: '7ae544323f497983cf0729bc81d5e6128342a125', real device: true
2018-12-27 13:53:01:527 - info: [BaseDriver] Using local app '/Users/rahularora/Library/Developer/Xcode/DerivedData/WebDriverAgent-brdadhpuduowllgivnnvuygpwhzy/Build/Products/Debug-iphoneos/IntegrationApp.app'
2018-12-27 13:53:01:527 - info: [debug] [BaseDriver] Event 'appConfigured' logged at 1545918781527 (19:23:01 GMT+0530 (IST))
2018-12-27 13:53:01:528 - info: [debug] [XCUITest] Checking whether app '/Users/rahularora/Library/Developer/Xcode/DerivedData/WebDriverAgent-brdadhpuduowllgivnnvuygpwhzy/Build/Products/Debug-iphoneos/IntegrationApp.app' is actually present on file system
2018-12-27 13:53:01:528 - info: [debug] [XCUITest] App is present
2018-12-27 13:53:01:532 - info: [debug] [iOS] Getting bundle ID from app '/Users/rahularora/Library/Developer/Xcode/DerivedData/WebDriverAgent-brdadhpuduowllgivnnvuygpwhzy/Build/Products/Debug-iphoneos/IntegrationApp.app': 'com.facebook.wda.integrationApp'
2018-12-27 13:53:01:533 - info: [debug] [BaseDriver] Event 'resetStarted' logged at 1545918781533 (19:23:01 GMT+0530 (IST))
2018-12-27 13:53:01:533 - info: [debug] [XCUITest] Reset: running ios real device reset flow
2018-12-27 13:53:01:534 - info: [debug] [BaseDriver] Event 'resetComplete' logged at 1545918781534 (19:23:01 GMT+0530 (IST))
2018-12-27 13:53:01:539 - info: [debug] [iOSLog] Attempting iOS device log capture via libimobiledevice idevicesyslog
2018-12-27 13:53:01:539 - info: [debug] [iOSLog] Starting iOS device log capture with: 'idevicesyslog'
2018-12-27 13:53:01:771 - info: [debug] [XCUITest] Crash reports root '/Users/rahularora/Library/Logs/CrashReporter/MobileDevice/Way2Automation’s iPhone' does not exist. Got nothing to gather.
2018-12-27 13:53:01:773 - info: [debug] [BaseDriver] Event 'logCaptureStarted' logged at 1545918781773 (19:23:01 GMT+0530 (IST))
2018-12-27 13:53:01:774 - info: [XCUITest] Setting up real device
2018-12-27 13:53:01:775 - info: [debug] [XCUITest] Verifying application platform
2018-12-27 13:53:01:776 - info: [debug] [XCUITest] CFBundleSupportedPlatforms: ["iPhoneOS"]
2018-12-27 13:53:02:306 - info: [debug] [XCUITest] Reset requested. Removing app with id 'com.facebook.wda.integrationApp' from the device
2018-12-27 13:53:02:774 - info: [HTTP] --> GET /wd/hub/status
2018-12-27 13:53:02:774 - info: [HTTP] {}
2018-12-27 13:53:02:774 - info: [debug] [GENERIC] Calling AppiumDriver.getStatus() with args: []
2018-12-27 13:53:02:775 - info: [debug] [GENERIC] Responding to client with driver.getStatus() result: {"build":{"version":"1.9.1","git-sha":"f9ee7d068e14f10729f88ebd85db802c2e8ac21a","built":"2018-09-20T18:14:29Z"}}
2018-12-27 13:53:02:775 - info: [HTTP] <-- GET /wd/hub/status 200 1 ms - 151
2018-12-27 13:53:02:775 - info: [HTTP] 
2018-12-27 13:53:02:889 - info: [debug] [XCUITest] Installing '/Users/rahularora/Library/Developer/Xcode/DerivedData/WebDriverAgent-brdadhpuduowllgivnnvuygpwhzy/Build/Products/Debug-iphoneos/IntegrationApp.app' on device with UUID '7ae544323f497983cf0729bc81d5e6128342a125'...
2018-12-27 13:53:04:209 - info: [debug] [XCUITest] The app has been installed successfully.
2018-12-27 13:53:04:209 - info: [debug] [BaseDriver] Event 'appInstalled' logged at 1545918784209 (19:23:04 GMT+0530 (IST))
2018-12-27 13:53:04:211 - info: [XCUITest] Using WDA path: '/usr/local/lib/node_modules/appium/node_modules/appium-xcuitest-driver/WebDriverAgent'
2018-12-27 13:53:04:212 - info: [XCUITest] Using WDA agent: '/usr/local/lib/node_modules/appium/node_modules/appium-xcuitest-driver/WebDriverAgent/WebDriverAgent.xcodeproj'
2018-12-27 13:53:04:378 - info: [debug] [XCUITest] No obsolete cached processes from previous WDA sessions listening on port 8201 have been found
2018-12-27 13:53:04:382 - info: [debug] [JSONWP Proxy] Matched '/status' to command name 'getStatus'
2018-12-27 13:53:04:386 - info: [debug] [JSONWP Proxy] Proxying [GET /status] to [GET http://localhost:8201/status] with no body
2018-12-27 13:53:04:417 - info: [debug] [JSONWP Proxy] Got response with status 200: "{\n  \"value\" : {\n    \"state\" : \"success\",\n    \"os\" : {\n      \"name\" : \"iOS\",\n      \"version\" : \"12.1.3\",\n      \"sdkVersion\" : \"12.0\"\n    },\n    \"ios\" : {\n      \"simulatorVersion\" : \"12.1.3\",\n      \"ip\" : \"192.168.1.12\"\n    },\n    \"build\" : {\n      \"upgradedAt\" : \"1545329693015\",\n      \"time\" : \"Dec 20 2018 23:59:49\",\n      \"productBundleIdentifier\" : \"com.facebook.WebDriverAgentRunner\"\n    }\n  },\n  \"sessionId\" : \"8ECDC2FF-7C05-49ED-92D7-DADFCBE48544\",\n  \"status\" : 0\n}"
2018-12-27 13:53:04:422 - info: [debug] [XCUITest] Upgrade timestamp of the currently bundled WDA: 1545329693015
2018-12-27 13:53:04:422 - info: [debug] [XCUITest] Upgrade timestamp of the WDA on the device: 1545329693015
2018-12-27 13:53:04:423 - info: [XCUITest] Will reuse previously cached WDA instance at 'http://localhost:8201/' with 'com.facebook.WebDriverAgentRunner'. Set the wdaLocalPort capability to a value different from 8201 if this is an undesired behavior.
2018-12-27 13:53:04:423 - info: [debug] [XCUITest] Trying to start WebDriverAgent 1 times with 10000ms interval
2018-12-27 13:53:04:425 - info: [debug] [BaseDriver] Event 'wdaStartAttempted' logged at 1545918784424 (19:23:04 GMT+0530 (IST))
2018-12-27 13:53:04:426 - info: [XCUITest] Using provided WebdriverAgent at 'http://localhost:8201/'
2018-12-27 13:53:04:427 - info: [debug] [BaseDriver] Event 'wdaSessionAttempted' logged at 1545918784427 (19:23:04 GMT+0530 (IST))
2018-12-27 13:53:04:427 - info: [debug] [XCUITest] Sending createSession command to WDA
2018-12-27 13:53:04:443 - info: [debug] [JSONWP Proxy] Matched '/status' to command name 'getStatus'
2018-12-27 13:53:04:444 - info: [debug] [JSONWP Proxy] Proxying [GET /status] to [GET http://localhost:8201/status] with no body
2018-12-27 13:53:04:449 - info: [debug] [JSONWP Proxy] Got response with status 200: "{\n  \"value\" : {\n    \"state\" : \"success\",\n    \"os\" : {\n      \"name\" : \"iOS\",\n      \"version\" : \"12.1.3\",\n      \"sdkVersion\" : \"12.0\"\n    },\n    \"ios\" : {\n      \"simulatorVersion\" : \"12.1.3\",\n      \"ip\" : \"192.168.1.12\"\n    },\n    \"build\" : {\n      \"upgradedAt\" : \"1545329693015\",\n      \"time\" : \"Dec 20 2018 23:59:49\",\n      \"productBundleIdentifier\" : \"com.facebook.WebDriverAgentRunner\"\n    }\n  },\n  \"sessionId\" : \"8ECDC2FF-7C05-49ED-92D7-DADFCBE48544\",\n  \"status\" : 0\n}"
2018-12-27 13:53:04:453 - info: [debug] [JSONWP Proxy] Matched '/session' to command name 'createSession'
2018-12-27 13:53:04:460 - info: [debug] [JSONWP Proxy] Proxying [POST /session] to [POST http://localhost:8201/session] with body: {"desiredCapabilities":{"bundleId":"com.facebook.wda.integrationApp","arguments":[],"environment":{},"shouldWaitForQuiescence":true,"shouldUseTestManagerForVisibilityDetection":false,"maxTypingFrequency":60,"shouldUseSingletonTestManager":true}}
2018-12-27 13:53:04:519 - info: [debug] [XCUITest] Failed to create WDA session (An unknown server-side error occurred while processing the command. Original error: Could not proxy command to remote server. Original error: Error: socket hang up). Retrying...
2018-12-27 13:53:04:782 - info: [HTTP] --> GET /wd/hub/status
2018-12-27 13:53:04:783 - info: [HTTP] {}
2018-12-27 13:53:04:783 - info: [debug] [GENERIC] Calling AppiumDriver.getStatus() with args: []
2018-12-27 13:53:04:783 - info: [debug] [GENERIC] Responding to client with driver.getStatus() result: {"build":{"version":"1.9.1","git-sha":"f9ee7d068e14f10729f88ebd85db802c2e8ac21a","built":"2018-09-20T18:14:29Z"}}
2018-12-27 13:53:04:784 - info: [HTTP] <-- GET /wd/hub/status 200 2 ms - 151
2018-12-27 13:53:04:785 - info: [HTTP] 
2018-12-27 13:53:05:522 - info: [debug] [BaseDriver] Event 'wdaSessionAttempted' logged at 1545918785521 (19:23:05 GMT+0530 (IST))
2018-12-27 13:53:05:523 - info: [debug] [XCUITest] Sending createSession command to WDA
2018-12-27 13:53:05:524 - info: [debug] [JSONWP Proxy] Matched '/session' to command name 'createSession'
2018-12-27 13:53:05:525 - info: [debug] [JSONWP Proxy] Proxying [POST /session] to [POST http://localhost:8201/session] with body: {"desiredCapabilities":{"bundleId":"com.facebook.wda.integrationApp","arguments":[],"environment":{},"shouldWaitForQuiescence":true,"shouldUseTestManagerForVisibilityDetection":false,"maxTypingFrequency":60,"shouldUseSingletonTestManager":true}}
2018-12-27 13:53:05:530 - info: [debug] [XCUITest] Failed to create WDA session (An unknown server-side error occurred while processing the command. Original error: Could not proxy command to remote server. Original error: Error: connect ECONNREFUSED 127.0.0.1:8201). Retrying...
2018-12-27 13:53:06:532 - info: [debug] [BaseDriver] Event 'wdaSessionAttempted' logged at 1545918786532 (19:23:06 GMT+0530 (IST))
2018-12-27 13:53:06:532 - info: [debug] [XCUITest] Sending createSession command to WDA
2018-12-27 13:53:06:533 - info: [debug] [JSONWP Proxy] Matched '/session' to command name 'createSession'
2018-12-27 13:53:06:534 - info: [debug] [JSONWP Proxy] Proxying [POST /session] to [POST http://localhost:8201/session] with body: {"desiredCapabilities":{"bundleId":"com.facebook.wda.integrationApp","arguments":[],"environment":{},"shouldWaitForQuiescence":true,"shouldUseTestManagerForVisibilityDetection":false,"maxTypingFrequency":60,"shouldUseSingletonTestManager":true}}
2018-12-27 13:53:06:539 - info: [debug] [XCUITest] Failed to create WDA session (An unknown server-side error occurred while processing the command. Original error: Could not proxy command to remote server. Original error: Error: connect ECONNREFUSED 127.0.0.1:8201). Retrying...
2018-12-27 13:53:06:800 - info: [HTTP] --> GET /wd/hub/status
2018-12-27 13:53:06:801 - info: [HTTP] {}
2018-12-27 13:53:06:801 - info: [debug] [GENERIC] Calling AppiumDriver.getStatus() with args: []
2018-12-27 13:53:06:801 - info: [debug] [GENERIC] Responding to client with driver.getStatus() result: {"build":{"version":"1.9.1","git-sha":"f9ee7d068e14f10729f88ebd85db802c2e8ac21a","built":"2018-09-20T18:14:29Z"}}
2018-12-27 13:53:06:802 - info: [HTTP] <-- GET /wd/hub/status 200 1 ms - 151
2018-12-27 13:53:06:802 - info: [HTTP] 
2018-12-27 13:53:07:542 - info: [debug] [BaseDriver] Event 'wdaSessionAttempted' logged at 1545918787542 (19:23:07 GMT+0530 (IST))
2018-12-27 13:53:07:543 - info: [debug] [XCUITest] Sending createSession command to WDA
2018-12-27 13:53:07:543 - info: [debug] [JSONWP Proxy] Matched '/session' to command name 'createSession'
2018-12-27 13:53:07:543 - info: [debug] [JSONWP Proxy] Proxying [POST /session] to [POST http://localhost:8201/session] with body: {"desiredCapabilities":{"bundleId":"com.facebook.wda.integrationApp","arguments":[],"environment":{},"shouldWaitForQuiescence":true,"shouldUseTestManagerForVisibilityDetection":false,"maxTypingFrequency":60,"shouldUseSingletonTestManager":true}}
2018-12-27 13:53:07:546 - info: [debug] [XCUITest] Failed to create WDA session (An unknown server-side error occurred while processing the command. Original error: Could not proxy command to remote server. Original error: Error: connect ECONNREFUSED 127.0.0.1:8201). Retrying...
2018-12-27 13:53:08:551 - info: [debug] [BaseDriver] Event 'wdaSessionAttempted' logged at 1545918788551 (19:23:08 GMT+0530 (IST))
2018-12-27 13:53:08:552 - info: [debug] [XCUITest] Sending createSession command to WDA
2018-12-27 13:53:08:554 - info: [debug] [JSONWP Proxy] Matched '/session' to command name 'createSession'
2018-12-27 13:53:08:555 - info: [debug] [JSONWP Proxy] Proxying [POST /session] to [POST http://localhost:8201/session] with body: {"desiredCapabilities":{"bundleId":"com.facebook.wda.integrationApp","arguments":[],"environment":{},"shouldWaitForQuiescence":true,"shouldUseTestManagerForVisibilityDetection":false,"maxTypingFrequency":60,"shouldUseSingletonTestManager":true}}
2018-12-27 13:53:08:562 - info: [debug] [XCUITest] Failed to create WDA session (An unknown server-side error occurred while processing the command. Original error: Could not proxy command to remote server. Original error: Error: connect ECONNREFUSED 127.0.0.1:8201). Retrying...
2018-12-27 13:53:08:810 - info: [HTTP] --> GET /wd/hub/status
2018-12-27 13:53:08:810 - info: [HTTP] {}
2018-12-27 13:53:08:811 - info: [debug] [GENERIC] Calling AppiumDriver.getStatus() with args: []
2018-12-27 13:53:08:811 - info: [debug] [GENERIC] Responding to client with driver.getStatus() result: {"build":{"version":"1.9.1","git-sha":"f9ee7d068e14f10729f88ebd85db802c2e8ac21a","built":"2018-09-20T18:14:29Z"}}
2018-12-27 13:53:08:812 - info: [HTTP] <-- GET /wd/hub/status 200 1 ms - 151
2018-12-27 13:53:08:812 - info: [HTTP] 
2018-12-27 13:53:09:563 - info: [debug] [BaseDriver] Event 'wdaSessionAttempted' logged at 1545918789563 (19:23:09 GMT+0530 (IST))
2018-12-27 13:53:09:564 - info: [debug] [XCUITest] Sending createSession command to WDA
2018-12-27 13:53:09:564 - info: [debug] [JSONWP Proxy] Matched '/session' to command name 'createSession'
2018-12-27 13:53:09:564 - info: [debug] [JSONWP Proxy] Proxying [POST /session] to [POST http://localhost:8201/session] with body: {"desiredCapabilities":{"bundleId":"com.facebook.wda.integrationApp","arguments":[],"environment":{},"shouldWaitForQuiescence":true,"shouldUseTestManagerForVisibilityDetection":false,"maxTypingFrequency":60,"shouldUseSingletonTestManager":true}}
2018-12-27 13:53:09:567 - info: [debug] [XCUITest] Failed to create WDA session (An unknown server-side error occurred while processing the command. Original error: Could not proxy command to remote server. Original error: Error: connect ECONNREFUSED 127.0.0.1:8201). Retrying...
2018-12-27 13:53:10:567 - info: [debug] [BaseDriver] Event 'wdaSessionAttempted' logged at 1545918790567 (19:23:10 GMT+0530 (IST))
2018-12-27 13:53:10:567 - info: [debug] [XCUITest] Sending createSession command to WDA
2018-12-27 13:53:10:568 - info: [debug] [JSONWP Proxy] Matched '/session' to command name 'createSession'
2018-12-27 13:53:10:568 - info: [debug] [JSONWP Proxy] Proxying [POST /session] to [POST http://localhost:8201/session] with body: {"desiredCapabilities":{"bundleId":"com.facebook.wda.integrationApp","arguments":[],"environment":{},"shouldWaitForQuiescence":true,"shouldUseTestManagerForVisibilityDetection":false,"maxTypingFrequency":60,"shouldUseSingletonTestManager":true}}
2018-12-27 13:53:10:574 - info: [debug] [XCUITest] Failed to create WDA session (An unknown server-side error occurred while processing the command. Original error: Could not proxy command to remote server. Original error: Error: connect ECONNREFUSED 127.0.0.1:8201). Retrying...
2018-12-27 13:53:10:817 - info: [HTTP] --> GET /wd/hub/status
2018-12-27 13:53:10:818 - info: [HTTP] {}
2018-12-27 13:53:10:818 - info: [debug] [GENERIC] Calling AppiumDriver.getStatus() with args: []
2018-12-27 13:53:10:819 - info: [debug] [GENERIC] Responding to client with driver.getStatus() result: {"build":{"version":"1.9.1","git-sha":"f9ee7d068e14f10729f88ebd85db802c2e8ac21a","built":"2018-09-20T18:14:29Z"}}
2018-12-27 13:53:10:822 - info: [HTTP] <-- GET /wd/hub/status 200 4 ms - 151
2018-12-27 13:53:10:823 - info: [HTTP] 
2018-12-27 13:53:11:578 - info: [debug] [BaseDriver] Event 'wdaSessionAttempted' logged at 1545918791578 (19:23:11 GMT+0530 (IST))
2018-12-27 13:53:11:579 - info: [debug] [XCUITest] Sending createSession command to WDA
2018-12-27 13:53:11:579 - info: [debug] [JSONWP Proxy] Matched '/session' to command name 'createSession'
2018-12-27 13:53:11:579 - info: [debug] [JSONWP Proxy] Proxying [POST /session] to [POST http://localhost:8201/session] with body: {"desiredCapabilities":{"bundleId":"com.facebook.wda.integrationApp","arguments":[],"environment":{},"shouldWaitForQuiescence":true,"shouldUseTestManagerForVisibilityDetection":false,"maxTypingFrequency":60,"shouldUseSingletonTestManager":true}}
2018-12-27 13:53:11:581 - info: [debug] [XCUITest] Failed to create WDA session (An unknown server-side error occurred while processing the command. Original error: Could not proxy command to remote server. Original error: Error: connect ECONNREFUSED 127.0.0.1:8201). Retrying...
2018-12-27 13:53:12:584 - info: [debug] [BaseDriver] Event 'wdaSessionAttempted' logged at 1545918792584 (19:23:12 GMT+0530 (IST))
2018-12-27 13:53:12:584 - info: [debug] [XCUITest] Sending createSession command to WDA
2018-12-27 13:53:12:585 - info: [debug] [JSONWP Proxy] Matched '/session' to command name 'createSession'
2018-12-27 13:53:12:585 - info: [debug] [JSONWP Proxy] Proxying [POST /session] to [POST http://localhost:8201/session] with body: {"desiredCapabilities":{"bundleId":"com.facebook.wda.integrationApp","arguments":[],"environment":{},"shouldWaitForQuiescence":true,"shouldUseTestManagerForVisibilityDetection":false,"maxTypingFrequency":60,"shouldUseSingletonTestManager":true}}
2018-12-27 13:53:12:594 - info: [debug] [XCUITest] Failed to create WDA session (An unknown server-side error occurred while processing the command. Original error: Could not proxy command to remote server. Original error: Error: connect ECONNREFUSED 127.0.0.1:8201). Retrying...
2018-12-27 13:53:12:830 - info: [HTTP] --> GET /wd/hub/status
2018-12-27 13:53:12:830 - info: [HTTP] {}
2018-12-27 13:53:12:830 - info: [debug] [GENERIC] Calling AppiumDriver.getStatus() with args: []
2018-12-27 13:53:12:831 - info: [debug] [GENERIC] Responding to client with driver.getStatus() result: {"build":{"version":"1.9.1","git-sha":"f9ee7d068e14f10729f88ebd85db802c2e8ac21a","built":"2018-09-20T18:14:29Z"}}
2018-12-27 13:53:12:832 - info: [HTTP] <-- GET /wd/hub/status 200 1 ms - 151
2018-12-27 13:53:12:832 - info: [HTTP] 
2018-12-27 13:53:13:595 - info: [debug] [BaseDriver] Event 'wdaSessionAttempted' logged at 1545918793595 (19:23:13 GMT+0530 (IST))
2018-12-27 13:53:13:595 - info: [debug] [XCUITest] Sending createSession command to WDA
2018-12-27 13:53:13:596 - info: [debug] [JSONWP Proxy] Matched '/session' to command name 'createSession'
2018-12-27 13:53:13:596 - info: [debug] [JSONWP Proxy] Proxying [POST /session] to [POST http://localhost:8201/session] with body: {"desiredCapabilities":{"bundleId":"com.facebook.wda.integrationApp","arguments":[],"environment":{},"shouldWaitForQuiescence":true,"shouldUseTestManagerForVisibilityDetection":false,"maxTypingFrequency":60,"shouldUseSingletonTestManager":true}}
2018-12-27 13:53:13:599 - info: [debug] [XCUITest] Failed to create WDA session (An unknown server-side error occurred while processing the command. Original error: Could not proxy command to remote server. Original error: Error: connect ECONNREFUSED 127.0.0.1:8201). Retrying...
2018-12-27 13:53:14:604 - info: [debug] [BaseDriver] Event 'wdaSessionAttempted' logged at 1545918794603 (19:23:14 GMT+0530 (IST))
2018-12-27 13:53:14:604 - info: [debug] [XCUITest] Sending createSession command to WDA
2018-12-27 13:53:14:605 - info: [debug] [JSONWP Proxy] Matched '/session' to command name 'createSession'
2018-12-27 13:53:14:605 - info: [debug] [JSONWP Proxy] Proxying [POST /session] to [POST http://localhost:8201/session] with body: {"desiredCapabilities":{"bundleId":"com.facebook.wda.integrationApp","arguments":[],"environment":{},"shouldWaitForQuiescence":true,"shouldUseTestManagerForVisibilityDetection":false,"maxTypingFrequency":60,"shouldUseSingletonTestManager":true}}
2018-12-27 13:53:14:609 - info: [debug] [XCUITest] Failed to create WDA session (An unknown server-side error occurred while processing the command. Original error: Could not proxy command to remote server. Original error: Error: connect ECONNREFUSED 127.0.0.1:8201). Retrying...
2018-12-27 13:53:14:841 - info: [HTTP] --> GET /wd/hub/status
2018-12-27 13:53:14:841 - info: [HTTP] {}
2018-12-27 13:53:14:841 - info: [debug] [GENERIC] Calling AppiumDriver.getStatus() with args: []
2018-12-27 13:53:14:841 - info: [debug] [GENERIC] Responding to client with driver.getStatus() result: {"build":{"version":"1.9.1","git-sha":"f9ee7d068e14f10729f88ebd85db802c2e8ac21a","built":"2018-09-20T18:14:29Z"}}
2018-12-27 13:53:14:842 - info: [HTTP] <-- GET /wd/hub/status 200 1 ms - 151
2018-12-27 13:53:14:842 - info: [HTTP] 
2018-12-27 13:53:15:610 - info: [debug] [BaseDriver] Event 'wdaSessionAttempted' logged at 1545918795610 (19:23:15 GMT+0530 (IST))
2018-12-27 13:53:15:611 - info: [debug] [XCUITest] Sending createSession command to WDA
2018-12-27 13:53:15:611 - info: [debug] [JSONWP Proxy] Matched '/session' to command name 'createSession'
2018-12-27 13:53:15:611 - info: [debug] [JSONWP Proxy] Proxying [POST /session] to [POST http://localhost:8201/session] with body: {"desiredCapabilities":{"bundleId":"com.facebook.wda.integrationApp","arguments":[],"environment":{},"shouldWaitForQuiescence":true,"shouldUseTestManagerForVisibilityDetection":false,"maxTypingFrequency":60,"shouldUseSingletonTestManager":true}}
2018-12-27 13:53:15:614 - info: [debug] [XCUITest] Failed to create WDA session (An unknown server-side error occurred while processing the command. Original error: Could not proxy command to remote server. Original error: Error: connect ECONNREFUSED 127.0.0.1:8201). Retrying...
2018-12-27 13:53:16:617 - info: [debug] [BaseDriver] Event 'wdaSessionAttempted' logged at 1545918796616 (19:23:16 GMT+0530 (IST))
2018-12-27 13:53:16:617 - info: [debug] [XCUITest] Sending createSession command to WDA
2018-12-27 13:53:16:617 - info: [debug] [JSONWP Proxy] Matched '/session' to command name 'createSession'
2018-12-27 13:53:16:618 - info: [debug] [JSONWP Proxy] Proxying [POST /session] to [POST http://localhost:8201/session] with body: {"desiredCapabilities":{"bundleId":"com.facebook.wda.integrationApp","arguments":[],"environment":{},"shouldWaitForQuiescence":true,"shouldUseTestManagerForVisibilityDetection":false,"maxTypingFrequency":60,"shouldUseSingletonTestManager":true}}
2018-12-27 13:53:16:625 - info: [debug] [XCUITest] Failed to create WDA session (An unknown server-side error occurred while processing the command. Original error: Could not proxy command to remote server. Original error: Error: connect ECONNREFUSED 127.0.0.1:8201). Retrying...
2018-12-27 13:53:16:850 - info: [HTTP] --> GET /wd/hub/status
2018-12-27 13:53:16:851 - info: [HTTP] {}
2018-12-27 13:53:16:851 - info: [debug] [GENERIC] Calling AppiumDriver.getStatus() with args: []
2018-12-27 13:53:16:851 - info: [debug] [GENERIC] Responding to client with driver.getStatus() result: {"build":{"version":"1.9.1","git-sha":"f9ee7d068e14f10729f88ebd85db802c2e8ac21a","built":"2018-09-20T18:14:29Z"}}
2018-12-27 13:53:16:852 - info: [HTTP] <-- GET /wd/hub/status 200 1 ms - 151
2018-12-27 13:53:16:853 - info: [HTTP] 
2018-12-27 13:53:17:630 - info: [debug] [BaseDriver] Event 'wdaSessionAttempted' logged at 1545918797630 (19:23:17 GMT+0530 (IST))
2018-12-27 13:53:17:630 - info: [debug] [XCUITest] Sending createSession command to WDA
2018-12-27 13:53:17:631 - info: [debug] [JSONWP Proxy] Matched '/session' to command name 'createSession'
2018-12-27 13:53:17:631 - info: [debug] [JSONWP Proxy] Proxying [POST /session] to [POST http://localhost:8201/session] with body: {"desiredCapabilities":{"bundleId":"com.facebook.wda.integrationApp","arguments":[],"environment":{},"shouldWaitForQuiescence":true,"shouldUseTestManagerForVisibilityDetection":false,"maxTypingFrequency":60,"shouldUseSingletonTestManager":true}}
2018-12-27 13:53:17:633 - info: [debug] [XCUITest] Failed to create WDA session (An unknown server-side error occurred while processing the command. Original error: Could not proxy command to remote server. Original error: Error: connect ECONNREFUSED 127.0.0.1:8201). Retrying...
2018-12-27 13:53:18:636 - info: [debug] [BaseDriver] Event 'wdaSessionAttempted' logged at 1545918798636 (19:23:18 GMT+0530 (IST))
2018-12-27 13:53:18:637 - info: [debug] [XCUITest] Sending createSession command to WDA
2018-12-27 13:53:18:637 - info: [debug] [JSONWP Proxy] Matched '/session' to command name 'createSession'
2018-12-27 13:53:18:638 - info: [debug] [JSONWP Proxy] Proxying [POST /session] to [POST http://localhost:8201/session] with body: {"desiredCapabilities":{"bundleId":"com.facebook.wda.integrationApp","arguments":[],"environment":{},"shouldWaitForQuiescence":true,"shouldUseTestManagerForVisibilityDetection":false,"maxTypingFrequency":60,"shouldUseSingletonTestManager":true}}
2018-12-27 13:53:18:641 - info: [debug] [XCUITest] Failed to create WDA session (An unknown server-side error occurred while processing the command. Original error: Could not proxy command to remote server. Original error: Error: connect ECONNREFUSED 127.0.0.1:8201). Retrying...
2018-12-27 13:53:18:642 - info: [debug] [XCUITest] Unable to start WebDriverAgent session because of xcodebuild failure: An unknown server-side error occurred while processing the command. Original error: Could not proxy command to remote server. Original error: Error: connect ECONNREFUSED 127.0.0.1:8201 Make sure you follow the tutorial at https://github.com/appium/appium-xcuitest-driver/blob/master/docs/real-device-config.md. Try to remove the WebDriverAgentRunner application from the device if it is installed and reboot the device.
2018-12-27 13:53:18:642 - warn: [XCUITest] Quitting and uninstalling WebDriverAgent, then retrying
2018-12-27 13:53:18:643 - info: [XCUITest] Shutting down sub-processes
2018-12-27 13:53:18:643 - info: [debug] [XCUITest] Removing WDA application from device
2018-12-27 13:53:18:862 - info: [HTTP] --> GET /wd/hub/status
2018-12-27 13:53:18:863 - info: [HTTP] {}
2018-12-27 13:53:18:863 - info: [debug] [GENERIC] Calling AppiumDriver.getStatus() with args: []
2018-12-27 13:53:18:864 - info: [debug] [GENERIC] Responding to client with driver.getStatus() result: {"build":{"version":"1.9.1","git-sha":"f9ee7d068e14f10729f88ebd85db802c2e8ac21a","built":"2018-09-20T18:14:29Z"}}
2018-12-27 13:53:18:865 - info: [HTTP] <-- GET /wd/hub/status 200 2 ms - 151
2018-12-27 13:53:18:865 - info: [HTTP] 
2018-12-27 13:53:19:346 - error: [XCUITest] Error: Unable to start WebDriverAgent session because of xcodebuild failure: An unknown server-side error occurred while processing the command. Original error: Could not proxy command to remote server. Original error: Error: connect ECONNREFUSED 127.0.0.1:8201 Make sure you follow the tutorial at https://github.com/appium/appium-xcuitest-driver/blob/master/docs/real-device-config.md. Try to remove the WebDriverAgentRunner application from the device if it is installed and reboot the device.
2018-12-27 13:53:19:347 - error: [XCUITest]     at XCUITestDriver.quitAndUninstall$ (/usr/local/lib/node_modules/appium/node_modules/appium-xcuitest-driver/lib/driver.js:444:13)
2018-12-27 13:53:19:347 - error: [XCUITest]     at tryCatch (/usr/local/lib/node_modules/appium/node_modules/babel-runtime/regenerator/runtime.js:67:40)
2018-12-27 13:53:19:347 - error: [XCUITest]     at GeneratorFunctionPrototype.invoke [as _invoke] (/usr/local/lib/node_modules/appium/node_modules/babel-runtime/regenerator/runtime.js:315:22)
2018-12-27 13:53:19:347 - error: [XCUITest]     at GeneratorFunctionPrototype.prototype.(anonymous function) [as next] (/usr/local/lib/node_modules/appium/node_modules/babel-runtime/regenerator/runtime.js:100:21)
2018-12-27 13:53:19:348 - error: [XCUITest]     at GeneratorFunctionPrototype.invoke (/usr/local/lib/node_modules/appium/node_modules/babel-runtime/regenerator/runtime.js:136:37)
2018-12-27 13:53:19:348 - error: [XCUITest]     at <anonymous>
2018-12-27 13:53:19:351 - info: [debug] [XCUITest] Not clearing log files. Use `clearSystemFiles` capability to turn on.
2018-12-27 13:53:19:351 - info: [debug] [iOSLog] Stopping iOS log capture
2018-12-27 13:53:19:361 - info: [debug] [BaseDriver] Event 'newSessionStarted' logged at 1545918799361 (19:23:19 GMT+0530 (IST))
2018-12-27 13:53:19:361 - info: [debug] [W3C] Encountered internal error running command: Error: Unable to start WebDriverAgent session because of xcodebuild failure: An unknown server-side error occurred while processing the command. Original error: Could not proxy command to remote server. Original error: Error: connect ECONNREFUSED 127.0.0.1:8201 Make sure you follow the tutorial at https://github.com/appium/appium-xcuitest-driver/blob/master/docs/real-device-config.md. Try to remove the WebDriverAgentRunner application from the device if it is installed and reboot the device.
2018-12-27 13:53:19:362 - info: [debug] [W3C]     at XCUITestDriver.quitAndUninstall$ (/usr/local/lib/node_modules/appium/node_modules/appium-xcuitest-driver/lib/driver.js:444:13)
2018-12-27 13:53:19:362 - info: [debug] [W3C]     at tryCatch (/usr/local/lib/node_modules/appium/node_modules/babel-runtime/regenerator/runtime.js:67:40)
2018-12-27 13:53:19:362 - info: [debug] [W3C]     at GeneratorFunctionPrototype.invoke [as _invoke] (/usr/local/lib/node_modules/appium/node_modules/babel-runtime/regenerator/runtime.js:315:22)
2018-12-27 13:53:19:362 - info: [debug] [W3C]     at GeneratorFunctionPrototype.prototype.(anonymous function) [as next] (/usr/local/lib/node_modules/appium/node_modules/babel-runtime/regenerator/runtime.js:100:21)
2018-12-27 13:53:19:363 - info: [debug] [W3C]     at GeneratorFunctionPrototype.invoke (/usr/local/lib/node_modules/appium/node_modules/babel-runtime/regenerator/runtime.js:136:37)
2018-12-27 13:53:19:363 - info: [debug] [W3C]     at <anonymous>
2018-12-27 13:53:19:410 - info: [HTTP] <-- POST /wd/hub/session 500 19261 ms - 2061
2018-12-27 13:53:19:410 - info: [HTTP] 
2018-12-27 13:53:20:875 - info: [HTTP] --> GET /wd/hub/status
2018-12-27 13:53:20:875 - info: [HTTP] {}
2018-12-27 13:53:20:875 - info: [debug] [GENERIC] Calling AppiumDriver.getStatus() with args: []
2018-12-27 13:53:20:876 - info: [debug] [GENERIC] Responding to client with driver.getStatus() result: {"build":{"version":"1.9.1","git-sha":"f9ee7d068e14f10729f88ebd85db802c2e8ac21a","built":"2018-09-20T18:14:29Z"}}
2018-12-27 13:53:20:877 - info: [HTTP] <-- GET /wd/hub/status 200 2 ms - 151
2018-12-27 13:53:20:877 - info: [HTTP] 
2018-12-27 13:53:22:884 - info: [HTTP] --> GET /wd/hub/status
2018-12-27 13:53:22:884 - info: [HTTP] {}
2018-12-27 13:53:22:884 - info: [debug] [GENERIC] Calling AppiumDriver.getStatus() with args: []
2018-12-27 13:53:22:884 - info: [debug] [GENERIC] Responding to client with driver.getStatus() result: {"build":{"version":"1.9.1","git-sha":"f9ee7d068e14f10729f88ebd85db802c2e8ac21a","built":"2018-09-20T18:14:29Z"}}
2018-12-27 13:53:22:885 - info: [HTTP] <-- GET /wd/hub/status 200 1 ms - 151
2018-12-27 13:53:22:885 - info: [HTTP] 
2018-12-27 13:53:24:897 - info: [HTTP] --> GET /wd/hub/status
2018-12-27 13:53:24:898 - info: [HTTP] {}
2018-12-27 13:53:24:898 - info: [debug] [GENERIC] Calling AppiumDriver.getStatus() with args: []
2018-12-27 13:53:24:898 - info: [debug] [GENERIC] Responding to client with driver.getStatus() result: {"build":{"version":"1.9.1","git-sha":"f9ee7d068e14f10729f88ebd85db802c2e8ac21a","built":"2018-09-20T18:14:29Z"}}
2018-12-27 13:53:24:899 - info: [HTTP] <-- GET /wd/hub/status 200 2 ms - 151
2018-12-27 13:53:24:899 - info: [HTTP] 
2018-12-27 13:53:26:905 - info: [HTTP] --> GET /wd/hub/status
2018-12-27 13:53:26:906 - info: [HTTP] {}
2018-12-27 13:53:26:907 - info: [debug] [GENERIC] Calling AppiumDriver.getStatus() with args: []
2018-12-27 13:53:26:908 - info: [debug] [GENERIC] Responding to client with driver.getStatus() result: {"build":{"version":"1.9.1","git-sha":"f9ee7d068e14f10729f88ebd85db802c2e8ac21a","built":"2018-09-20T18:14:29Z"}}
2018-12-27 13:53:26:910 - info: [HTTP] <-- GET /wd/hub/status 200 4 ms - 151
2018-12-27 13:53:26:912 - info: [HTTP] 
2018-12-27 13:53:28:932 - info: [HTTP] --> GET /wd/hub/status
2018-12-27 13:53:28:932 - info: [HTTP] {}
2018-12-27 13:53:28:932 - info: [debug] [GENERIC] Calling AppiumDriver.getStatus() with args: []
2018-12-27 13:53:28:933 - info: [debug] [GENERIC] Responding to client with driver.getStatus() result: {"build":{"version":"1.9.1","git-sha":"f9ee7d068e14f10729f88ebd85db802c2e8ac21a","built":"2018-09-20T18:14:29Z"}}
2018-12-27 13:53:28:934 - info: [HTTP] <-- GET /wd/hub/status 200 2 ms - 151
2018-12-27 13:53:28:934 - info: [HTTP] 
2018-12-27 13:53:30:941 - info: [HTTP] --> GET /wd/hub/status
2018-12-27 13:53:30:942 - info: [HTTP] {}
2018-12-27 13:53:30:943 - info: [debug] [GENERIC] Calling AppiumDriver.getStatus() with args: []
2018-12-27 13:53:30:944 - info: [debug] [GENERIC] Responding to client with driver.getStatus() result: {"build":{"version":"1.9.1","git-sha":"f9ee7d068e14f10729f88ebd85db802c2e8ac21a","built":"2018-09-20T18:14:29Z"}}
2018-12-27 13:53:30:944 - info: [HTTP] <-- GET /wd/hub/status 200 3 ms - 151
2018-12-27 13:53:30:945 - info: [HTTP] 
2018-12-27 13:53:32:949 - info: [HTTP] --> GET /wd/hub/status
2018-12-27 13:53:32:949 - info: [HTTP] {}
2018-12-27 13:53:32:950 - info: [debug] [GENERIC] Calling AppiumDriver.getStatus() with args: []
2018-12-27 13:53:32:950 - info: [debug] [GENERIC] Responding to client with driver.getStatus() result: {"build":{"version":"1.9.1","git-sha":"f9ee7d068e14f10729f88ebd85db802c2e8ac21a","built":"2018-09-20T18:14:29Z"}}
2018-12-27 13:53:32:951 - info: [HTTP] <-- GET /wd/hub/status 200 1 ms - 151
2018-12-27 13:53:32:951 - info: [HTTP] 
2018-12-27 13:53:34:964 - info: [HTTP] --> GET /wd/hub/status
2018-12-27 13:53:34:964 - info: [HTTP] {}
2018-12-27 13:53:34:964 - info: [debug] [GENERIC] Calling AppiumDriver.getStatus() with args: []
2018-12-27 13:53:34:965 - info: [debug] [GENERIC] Responding to client with driver.getStatus() result: {"build":{"version":"1.9.1","git-sha":"f9ee7d068e14f10729f88ebd85db802c2e8ac21a","built":"2018-09-20T18:14:29Z"}}
2018-12-27 13:53:34:966 - info: [HTTP] <-- GET /wd/hub/status 200 2 ms - 151
2018-12-27 13:53:34:966 - info: [HTTP] 
2018-12-27 13:53:36:969 - info: [HTTP] --> GET /wd/hub/status
2018-12-27 13:53:36:970 - info: [HTTP] {}
2018-12-27 13:53:36:970 - info: [debug] [GENERIC] Calling AppiumDriver.getStatus() with args: []
2018-12-27 13:53:36:971 - info: [debug] [GENERIC] Responding to client with driver.getStatus() result: {"build":{"version":"1.9.1","git-sha":"f9ee7d068e14f10729f88ebd85db802c2e8ac21a","built":"2018-09-20T18:14:29Z"}}
2018-12-27 13:53:36:971 - info: [HTTP] <-- GET /wd/hub/status 200 2 ms - 151
2018-12-27 13:53:36:971 - info: [HTTP] 
2018-12-27 13:53:38:979 - info: [HTTP] --> GET /wd/hub/status
2018-12-27 13:53:38:979 - info: [HTTP] {}
2018-12-27 13:53:38:979 - info: [debug] [GENERIC] Calling AppiumDriver.getStatus() with args: []
2018-12-27 13:53:38:980 - info: [debug] [GENERIC] Responding to client with driver.getStatus() result: {"build":{"version":"1.9.1","git-sha":"f9ee7d068e14f10729f88ebd85db802c2e8ac21a","built":"2018-09-20T18:14:29Z"}}
2018-12-27 13:53:38:981 - info: [HTTP] <-- GET /wd/hub/status 200 2 ms - 151
2018-12-27 13:53:38:981 - info: [HTTP] 
2018-12-27 13:53:40:988 - info: [HTTP] --> GET /wd/hub/status
2018-12-27 13:53:40:989 - info: [HTTP] {}
2018-12-27 13:53:40:989 - info: [debug] [GENERIC] Calling AppiumDriver.getStatus() with args: []
2018-12-27 13:53:40:989 - info: [debug] [GENERIC] Responding to client with driver.getStatus() result: {"build":{"version":"1.9.1","git-sha":"f9ee7d068e14f10729f88ebd85db802c2e8ac21a","built":"2018-09-20T18:14:29Z"}}
2018-12-27 13:53:40:990 - info: [HTTP] <-- GET /wd/hub/status 200 1 ms - 151
2018-12-27 13:53:40:990 - info: [HTTP] 
2018-12-27 13:53:42:998 - info: [HTTP] --> GET /wd/hub/status
2018-12-27 13:53:42:998 - info: [HTTP] {}
2018-12-27 13:53:42:998 - info: [debug] [GENERIC] Calling AppiumDriver.getStatus() with args: []
2018-12-27 13:53:43:000 - info: [debug] [GENERIC] Responding to client with driver.getStatus() result: {"build":{"version":"1.9.1","git-sha":"f9ee7d068e14f10729f88ebd85db802c2e8ac21a","built":"2018-09-20T18:14:29Z"}}
2018-12-27 13:53:43:003 - info: [HTTP] <-- GET /wd/hub/status 200 5 ms - 151
2018-12-27 13:53:43:003 - info: [HTTP] 
2018-12-27 13:53:43:813 - info: [HTTP] --> POST /wd/hub/session
2018-12-27 13:53:43:813 - info: [HTTP] {"desiredCapabilities":{"app":"/Users/rahularora/Library/Developer/Xcode/DerivedData/WebDriverAgent-brdadhpuduowllgivnnvuygpwhzy/Build/Products/Debug-iphoneos/IntegrationApp.app","server:CONFIG_UUID":"7d81347f-f278-41d5-b560-4209c112380f","platformVersion":"12.1.2","automationName":"XCUITest","platformName":"ios","udid":"7ae544323f497983cf0729bc81d5e6128342a125","deviceName":"iPhone 7 plus","wdaLocalPort":8201},"capabilities":{"firstMatch":[{"platformName":"ios","server:CONFIG_UUID":"7d81347f-f278-41d5-b560-4209c112380f"}]}}
2018-12-27 13:53:43:814 - info: [debug] [W3C] Calling AppiumDriver.createSession() with args: [{"app":"/Users/rahularora/Library/Developer/Xcode/DerivedData/WebDriverAgent-brdadhpuduowllgivnnvuygpwhzy/Build/Products/Debug-iphoneos/IntegrationApp.app","server:CONFIG_UUID":"7d81347f-f278-41d5-b560-4209c112380f","platformVersion":"12.1.2","automationName":"XCUITest","platformName":"ios","udid":"7ae544323f497983cf0729bc81d5e6128342a125","deviceName":"iPhone 7 plus","wdaLocalPort":8201},null,{"firstMatch":[{"platformName":"ios","server:CONFIG_UUID":"7d81347f-f278-41d5-b560-4209c112380f"}]}]
2018-12-27 13:53:43:814 - info: [debug] [BaseDriver] Event 'newSessionRequested' logged at 1545918823814 (19:23:43 GMT+0530 (IST))
2018-12-27 13:53:43:815 - warn: [BaseDriver] The capabilities ["udid"] are not standard capabilities and should have an extension prefix
2018-12-27 13:53:43:817 - info: [Appium] Could not parse W3C capabilities: 'deviceName' can't be blank
2018-12-27 13:53:43:817 - info: [Appium] Trying to fix W3C capabilities by merging them with JSONWP caps
2018-12-27 13:53:43:817 - warn: [BaseDriver] The capabilities ["app","platformVersion","automationName","deviceName","wdaLocalPort","udid"] are not standard capabilities and should have an extension prefix
2018-12-27 13:53:43:819 - info: [Appium] Creating new XCUITestDriver (v2.94.2) session
2018-12-27 13:53:43:819 - info: [Appium] Capabilities:
2018-12-27 13:53:43:819 - info: [Appium]   app: /Users/rahularora/Library/Developer/Xcode/DerivedData/WebDriverAgent-brdadhpuduowllgivnnvuygpwhzy/Build/Products/Debug-iphoneos/IntegrationApp.app
2018-12-27 13:53:43:819 - info: [Appium]   platformVersion: 12.1.2
2018-12-27 13:53:43:820 - info: [Appium]   automationName: XCUITest
2018-12-27 13:53:43:820 - info: [Appium]   deviceName: iPhone 7 plus
2018-12-27 13:53:43:820 - info: [Appium]   wdaLocalPort: 8201
2018-12-27 13:53:43:820 - info: [Appium]   platformName: ios
2018-12-27 13:53:43:820 - info: [Appium]   server:CONFIG_UUID: 7d81347f-f278-41d5-b560-4209c112380f
2018-12-27 13:53:43:820 - info: [Appium]   udid: 7ae544323f497983cf0729bc81d5e6128342a125
2018-12-27 13:53:43:822 - info: [debug] [BaseDriver] W3C capabilities {"alwaysMatch":{"appium:app... and MJSONWP desired capabilities {"udid":"7ae544323f497983cf... were provided
2018-12-27 13:53:43:822 - info: [debug] [BaseDriver] Creating session with W3C capabilities: {"alwaysMatch":{"appium:app...
2018-12-27 13:53:43:832 - warn: [BaseDriver] The following capabilities were provided, but are not recognized by appium: server:CONFIG_UUID.
2018-12-27 13:53:43:833 - info: [BaseDriver] Session created with session id: 50f4b539-c7d2-46a1-94ae-379af4edf4b3
2018-12-27 13:53:43:848 - info: [debug] [XCUITest] Current user: 'rahularora'
2018-12-27 13:53:44:207 - info: [debug] [XCUITest] Xcode version set to '10.1' (tools v10.1.0.0.1.1539992718)
2018-12-27 13:53:44:209 - info: [debug] [XCUITest] iOS SDK Version set to '12.1'
2018-12-27 13:53:44:209 - info: [debug] [BaseDriver] Event 'xcodeDetailsRetrieved' logged at 1545918824209 (19:23:44 GMT+0530 (IST))
2018-12-27 13:53:45:025 - info: [HTTP] --> GET /wd/hub/status
2018-12-27 13:53:45:025 - info: [HTTP] {}
2018-12-27 13:53:45:026 - info: [debug] [GENERIC] Calling AppiumDriver.getStatus() with args: []
2018-12-27 13:53:45:027 - info: [debug] [GENERIC] Responding to client with driver.getStatus() result: {"build":{"version":"1.9.1","git-sha":"f9ee7d068e14f10729f88ebd85db802c2e8ac21a","built":"2018-09-20T18:14:29Z"}}
2018-12-27 13:53:45:029 - info: [HTTP] <-- GET /wd/hub/status 200 3 ms - 151
2018-12-27 13:53:45:029 - info: [HTTP] 
2018-12-27 13:53:45:031 - info: [debug] [XCUITest] Available devices: 7ae544323f497983cf0729bc81d5e6128342a125, 571e1c5acf8c4e0d47c6d146186d8749c8fab5b0
2018-12-27 13:53:45:032 - info: [debug] [XCUITest] Creating iDevice object with udid '7ae544323f497983cf0729bc81d5e6128342a125'
2018-12-27 13:53:45:033 - info: [XCUITest] Determining device to run tests on: udid: '7ae544323f497983cf0729bc81d5e6128342a125', real device: true
2018-12-27 13:53:45:033 - info: [BaseDriver] Using local app '/Users/rahularora/Library/Developer/Xcode/DerivedData/WebDriverAgent-brdadhpuduowllgivnnvuygpwhzy/Build/Products/Debug-iphoneos/IntegrationApp.app'
2018-12-27 13:53:45:034 - info: [debug] [BaseDriver] Event 'appConfigured' logged at 1545918825034 (19:23:45 GMT+0530 (IST))
2018-12-27 13:53:45:034 - info: [debug] [XCUITest] Checking whether app '/Users/rahularora/Library/Developer/Xcode/DerivedData/WebDriverAgent-brdadhpuduowllgivnnvuygpwhzy/Build/Products/Debug-iphoneos/IntegrationApp.app' is actually present on file system
2018-12-27 13:53:45:034 - info: [debug] [XCUITest] App is present
2018-12-27 13:53:45:034 - info: [debug] [iOS] Getting bundle ID from app '/Users/rahularora/Library/Developer/Xcode/DerivedData/WebDriverAgent-brdadhpuduowllgivnnvuygpwhzy/Build/Products/Debug-iphoneos/IntegrationApp.app': 'com.facebook.wda.integrationApp'
2018-12-27 13:53:45:035 - info: [debug] [BaseDriver] Event 'resetStarted' logged at 1545918825035 (19:23:45 GMT+0530 (IST))
2018-12-27 13:53:45:035 - info: [debug] [XCUITest] Reset: running ios real device reset flow
2018-12-27 13:53:45:035 - info: [debug] [BaseDriver] Event 'resetComplete' logged at 1545918825035 (19:23:45 GMT+0530 (IST))
2018-12-27 13:53:45:036 - info: [debug] [iOSLog] Attempting iOS device log capture via libimobiledevice idevicesyslog
2018-12-27 13:53:45:036 - info: [debug] [iOSLog] Starting iOS device log capture with: 'idevicesyslog'
2018-12-27 13:53:45:262 - info: [debug] [XCUITest] Crash reports root '/Users/rahularora/Library/Logs/CrashReporter/MobileDevice/Way2Automation’s iPhone' does not exist. Got nothing to gather.
2018-12-27 13:53:45:264 - info: [debug] [BaseDriver] Event 'logCaptureStarted' logged at 1545918825263 (19:23:45 GMT+0530 (IST))
2018-12-27 13:53:45:264 - info: [XCUITest] Setting up real device
2018-12-27 13:53:45:265 - info: [debug] [XCUITest] Verifying application platform
2018-12-27 13:53:45:269 - info: [debug] [XCUITest] CFBundleSupportedPlatforms: ["iPhoneOS"]
2018-12-27 13:53:45:756 - info: [debug] [XCUITest] Reset requested. Removing app with id 'com.facebook.wda.integrationApp' from the device
2018-12-27 13:53:46:367 - info: [debug] [XCUITest] Installing '/Users/rahularora/Library/Developer/Xcode/DerivedData/WebDriverAgent-brdadhpuduowllgivnnvuygpwhzy/Build/Products/Debug-iphoneos/IntegrationApp.app' on device with UUID '7ae544323f497983cf0729bc81d5e6128342a125'...
2018-12-27 13:53:47:036 - info: [HTTP] --> GET /wd/hub/status
2018-12-27 13:53:47:037 - info: [HTTP] {}
2018-12-27 13:53:47:037 - info: [debug] [GENERIC] Calling AppiumDriver.getStatus() with args: []
2018-12-27 13:53:47:037 - info: [debug] [GENERIC] Responding to client with driver.getStatus() result: {"build":{"version":"1.9.1","git-sha":"f9ee7d068e14f10729f88ebd85db802c2e8ac21a","built":"2018-09-20T18:14:29Z"}}
2018-12-27 13:53:47:038 - info: [HTTP] <-- GET /wd/hub/status 200 1 ms - 151
2018-12-27 13:53:47:038 - info: [HTTP] 
2018-12-27 13:53:47:720 - info: [debug] [XCUITest] The app has been installed successfully.
2018-12-27 13:53:47:720 - info: [debug] [BaseDriver] Event 'appInstalled' logged at 1545918827720 (19:23:47 GMT+0530 (IST))
2018-12-27 13:53:47:721 - info: [XCUITest] Using WDA path: '/usr/local/lib/node_modules/appium/node_modules/appium-xcuitest-driver/WebDriverAgent'
2018-12-27 13:53:47:721 - info: [XCUITest] Using WDA agent: '/usr/local/lib/node_modules/appium/node_modules/appium-xcuitest-driver/WebDriverAgent/WebDriverAgent.xcodeproj'
2018-12-27 13:53:47:866 - info: [debug] [XCUITest] No obsolete cached processes from previous WDA sessions listening on port 8201 have been found
2018-12-27 13:53:47:867 - info: [debug] [JSONWP Proxy] Matched '/status' to command name 'getStatus'
2018-12-27 13:53:47:867 - info: [debug] [JSONWP Proxy] Proxying [GET /status] to [GET http://localhost:8201/status] with no body
2018-12-27 13:53:47:872 - info: [debug] [XCUITest] WDA is not listening at 'http://localhost:8201/'
2018-12-27 13:53:47:872 - info: [debug] [XCUITest] WDA is currently not running. There is nothing to cache
2018-12-27 13:53:47:872 - info: [debug] [XCUITest] Trying to start WebDriverAgent 1 times with 10000ms interval
2018-12-27 13:53:47:873 - info: [debug] [BaseDriver] Event 'wdaStartAttempted' logged at 1545918827873 (19:23:47 GMT+0530 (IST))
2018-12-27 13:53:47:873 - info: [XCUITest] Launching WebDriverAgent on the device
2018-12-27 13:53:47:876 - info: [debug] [XCUITest] Carthage found: '/usr/local/bin/carthage'
2018-12-27 13:53:47:879 - info: [debug] [XCUITest] Killing running processes 'xcodebuild.*7ae544323f497983cf0729bc81d5e6128342a125, iproxy 8201' for the device 7ae544323f497983cf0729bc81d5e6128342a125...
2018-12-27 13:53:47:934 - info: [debug] [XCUITest] 'pgrep -nif xcodebuild.*7ae544323f497983cf0729bc81d5e6128342a125' didn't detect any matching processes. Return code: 1
2018-12-27 13:53:47:985 - info: [debug] [XCUITest] 'pgrep -nif iproxy 8201' didn't detect any matching processes. Return code: 1
2018-12-27 13:53:47:986 - info: [debug] [XCUITest] Starting iproxy to forward traffic from local port 8201 to device port 8100 over USB for the device 7ae544323f497983cf0729bc81d5e6128342a125
2018-12-27 13:53:49:052 - info: [HTTP] --> GET /wd/hub/status
2018-12-27 13:53:49:052 - info: [HTTP] {}
2018-12-27 13:53:49:052 - info: [debug] [GENERIC] Calling AppiumDriver.getStatus() with args: []
2018-12-27 13:53:49:053 - info: [debug] [GENERIC] Responding to client with driver.getStatus() result: {"build":{"version":"1.9.1","git-sha":"f9ee7d068e14f10729f88ebd85db802c2e8ac21a","built":"2018-09-20T18:14:29Z"}}
2018-12-27 13:53:49:053 - info: [HTTP] <-- GET /wd/hub/status 200 2 ms - 151
2018-12-27 13:53:49:053 - info: [HTTP] 
2018-12-27 13:53:51:059 - info: [HTTP] --> GET /wd/hub/status
2018-12-27 13:53:51:060 - info: [HTTP] {}
2018-12-27 13:53:51:060 - info: [debug] [GENERIC] Calling AppiumDriver.getStatus() with args: []
2018-12-27 13:53:51:061 - info: [debug] [GENERIC] Responding to client with driver.getStatus() result: {"build":{"version":"1.9.1","git-sha":"f9ee7d068e14f10729f88ebd85db802c2e8ac21a","built":"2018-09-20T18:14:29Z"}}
2018-12-27 13:53:51:063 - info: [HTTP] <-- GET /wd/hub/status 200 3 ms - 151
2018-12-27 13:53:51:063 - info: [HTTP] 
2018-12-27 13:53:53:005 - info: [debug] [XCUITest] Beginning test with command 'xcodebuild build-for-testing test-without-building -project /usr/local/lib/node_modules/appium/node_modules/appium-xcuitest-driver/WebDriverAgent/WebDriverAgent.xcodeproj -scheme WebDriverAgentRunner -destination id=7ae544323f497983cf0729bc81d5e6128342a125 IPHONEOS_DEPLOYMENT_TARGET=12.1' in directory '/usr/local/lib/node_modules/appium/node_modules/appium-xcuitest-driver/WebDriverAgent'
2018-12-27 13:53:53:006 - info: [debug] [XCUITest] Output from xcodebuild will not be logged. To change this, use 'showXcodeLog' desired capability
2018-12-27 13:53:53:070 - info: [HTTP] --> GET /wd/hub/status
2018-12-27 13:53:53:070 - info: [HTTP] {}
2018-12-27 13:53:53:071 - info: [debug] [GENERIC] Calling AppiumDriver.getStatus() with args: []
2018-12-27 13:53:53:071 - info: [debug] [GENERIC] Responding to client with driver.getStatus() result: {"build":{"version":"1.9.1","git-sha":"f9ee7d068e14f10729f88ebd85db802c2e8ac21a","built":"2018-09-20T18:14:29Z"}}
2018-12-27 13:53:53:072 - info: [HTTP] <-- GET /wd/hub/status 200 2 ms - 151
2018-12-27 13:53:53:072 - info: [HTTP] 
2018-12-27 13:53:54:433 - info: [debug] [XCUITest] Waiting up to 60000ms for WebDriverAgent to start
2018-12-27 13:53:54:434 - info: [debug] [JSONWP Proxy] Matched '/status' to command name 'getStatus'
2018-12-27 13:53:54:437 - info: [debug] [JSONWP Proxy] Proxying [GET /status] to [GET http://localhost:8201/status] with no body
2018-12-27 13:53:55:075 - info: [HTTP] --> GET /wd/hub/status
2018-12-27 13:53:55:076 - info: [HTTP] {}
2018-12-27 13:53:55:076 - info: [debug] [GENERIC] Calling AppiumDriver.getStatus() with args: []
2018-12-27 13:53:55:078 - info: [debug] [GENERIC] Responding to client with driver.getStatus() result: {"build":{"version":"1.9.1","git-sha":"f9ee7d068e14f10729f88ebd85db802c2e8ac21a","built":"2018-09-20T18:14:29Z"}}
2018-12-27 13:53:55:080 - info: [HTTP] <-- GET /wd/hub/status 200 4 ms - 151
2018-12-27 13:53:55:080 - info: [HTTP] 
2018-12-27 13:53:55:457 - info: [debug] [JSONWP Proxy] Matched '/status' to command name 'getStatus'
2018-12-27 13:53:55:457 - info: [debug] [JSONWP Proxy] Proxying [GET /status] to [GET http://localhost:8201/status] with no body
2018-12-27 13:53:56:466 - info: [debug] [JSONWP Proxy] Matched '/status' to command name 'getStatus'
2018-12-27 13:53:56:467 - info: [debug] [JSONWP Proxy] Proxying [GET /status] to [GET http://localhost:8201/status] with no body
2018-12-27 13:53:57:087 - info: [HTTP] --> GET /wd/hub/status
2018-12-27 13:53:57:087 - info: [HTTP] {}
2018-12-27 13:53:57:087 - info: [debug] [GENERIC] Calling AppiumDriver.getStatus() with args: []
2018-12-27 13:53:57:088 - info: [debug] [GENERIC] Responding to client with driver.getStatus() result: {"build":{"version":"1.9.1","git-sha":"f9ee7d068e14f10729f88ebd85db802c2e8ac21a","built":"2018-09-20T18:14:29Z"}}
2018-12-27 13:53:57:088 - info: [HTTP] <-- GET /wd/hub/status 200 1 ms - 151
2018-12-27 13:53:57:088 - info: [HTTP] 
2018-12-27 13:53:57:473 - info: [debug] [JSONWP Proxy] Matched '/status' to command name 'getStatus'
2018-12-27 13:53:57:473 - info: [debug] [JSONWP Proxy] Proxying [GET /status] to [GET http://localhost:8201/status] with no body
2018-12-27 13:53:58:425 - info: [debug] [XCUITest] Log file for xcodebuild test: /Users/rahularora/Library/Developer/Xcode/DerivedData/WebDriverAgent-brdadhpuduowllgivnnvuygpwhzy/Logs/Test/Test-WebDriverAgentRunner-2018.12.27_19-23-55-+0530.xcresult/2_Test/Diagnostics/WebDriverAgentRunner-1E16EFBC-7BDC-4242-BC0C-7F0FE9AAA274/WebDriverAgentRunner-3B416C5F-24D9-440A-B654-EFBA94FD198A/Session-WebDriverAgentRunner-2018-12-27_192358-2EcvVe.log
2018-12-27 13:53:58:483 - info: [debug] [JSONWP Proxy] Matched '/status' to command name 'getStatus'
2018-12-27 13:53:58:484 - info: [debug] [JSONWP Proxy] Proxying [GET /status] to [GET http://localhost:8201/status] with no body
2018-12-27 13:53:59:091 - info: [HTTP] --> GET /wd/hub/status
2018-12-27 13:53:59:091 - info: [HTTP] {}
2018-12-27 13:53:59:091 - info: [debug] [GENERIC] Calling AppiumDriver.getStatus() with args: []
2018-12-27 13:53:59:092 - info: [debug] [GENERIC] Responding to client with driver.getStatus() result: {"build":{"version":"1.9.1","git-sha":"f9ee7d068e14f10729f88ebd85db802c2e8ac21a","built":"2018-09-20T18:14:29Z"}}
2018-12-27 13:53:59:092 - info: [HTTP] <-- GET /wd/hub/status 200 1 ms - 151
2018-12-27 13:53:59:092 - info: [HTTP] 
2018-12-27 13:53:59:488 - info: [debug] [JSONWP Proxy] Matched '/status' to command name 'getStatus'
2018-12-27 13:53:59:488 - info: [debug] [JSONWP Proxy] Proxying [GET /status] to [GET http://localhost:8201/status] with no body
2018-12-27 13:54:00:499 - info: [debug] [JSONWP Proxy] Matched '/status' to command name 'getStatus'
2018-12-27 13:54:00:501 - info: [debug] [JSONWP Proxy] Proxying [GET /status] to [GET http://localhost:8201/status] with no body
2018-12-27 13:54:01:101 - info: [HTTP] --> GET /wd/hub/status
2018-12-27 13:54:01:101 - info: [HTTP] {}
2018-12-27 13:54:01:101 - info: [debug] [GENERIC] Calling AppiumDriver.getStatus() with args: []
2018-12-27 13:54:01:102 - info: [debug] [GENERIC] Responding to client with driver.getStatus() result: {"build":{"version":"1.9.1","git-sha":"f9ee7d068e14f10729f88ebd85db802c2e8ac21a","built":"2018-09-20T18:14:29Z"}}
2018-12-27 13:54:01:102 - info: [HTTP] <-- GET /wd/hub/status 200 1 ms - 151
2018-12-27 13:54:01:103 - info: [HTTP] 
2018-12-27 13:54:01:514 - info: [debug] [JSONWP Proxy] Matched '/status' to command name 'getStatus'
2018-12-27 13:54:01:515 - info: [debug] [JSONWP Proxy] Proxying [GET /status] to [GET http://localhost:8201/status] with no body
2018-12-27 13:54:02:522 - info: [debug] [JSONWP Proxy] Matched '/status' to command name 'getStatus'
2018-12-27 13:54:02:522 - info: [debug] [JSONWP Proxy] Proxying [GET /status] to [GET http://localhost:8201/status] with no body
2018-12-27 13:54:03:110 - info: [HTTP] --> GET /wd/hub/status
2018-12-27 13:54:03:110 - info: [HTTP] {}
2018-12-27 13:54:03:110 - info: [debug] [GENERIC] Calling AppiumDriver.getStatus() with args: []
2018-12-27 13:54:03:111 - info: [debug] [GENERIC] Responding to client with driver.getStatus() result: {"build":{"version":"1.9.1","git-sha":"f9ee7d068e14f10729f88ebd85db802c2e8ac21a","built":"2018-09-20T18:14:29Z"}}
2018-12-27 13:54:03:112 - info: [HTTP] <-- GET /wd/hub/status 200 2 ms - 151
2018-12-27 13:54:03:113 - info: [HTTP] 
2018-12-27 13:54:03:529 - info: [debug] [JSONWP Proxy] Matched '/status' to command name 'getStatus'
2018-12-27 13:54:03:531 - info: [debug] [JSONWP Proxy] Proxying [GET /status] to [GET http://localhost:8201/status] with no body
2018-12-27 13:54:04:536 - info: [debug] [JSONWP Proxy] Matched '/status' to command name 'getStatus'
2018-12-27 13:54:04:537 - info: [debug] [JSONWP Proxy] Proxying [GET /status] to [GET http://localhost:8201/status] with no body
2018-12-27 13:54:05:120 - info: [HTTP] --> GET /wd/hub/status
2018-12-27 13:54:05:120 - info: [HTTP] {}
2018-12-27 13:54:05:122 - info: [debug] [GENERIC] Calling AppiumDriver.getStatus() with args: []
2018-12-27 13:54:05:122 - info: [debug] [GENERIC] Responding to client with driver.getStatus() result: {"build":{"version":"1.9.1","git-sha":"f9ee7d068e14f10729f88ebd85db802c2e8ac21a","built":"2018-09-20T18:14:29Z"}}
2018-12-27 13:54:05:122 - info: [HTTP] <-- GET /wd/hub/status 200 2 ms - 151
2018-12-27 13:54:05:123 - info: [HTTP] 
2018-12-27 13:54:05:544 - info: [debug] [JSONWP Proxy] Matched '/status' to command name 'getStatus'
2018-12-27 13:54:05:545 - info: [debug] [JSONWP Proxy] Proxying [GET /status] to [GET http://localhost:8201/status] with no body
2018-12-27 13:54:05:564 - info: [debug] [JSONWP Proxy] Got response with status 200: "{\n  \"value\" : {\n    \"state\" : \"success\",\n    \"os\" : {\n      \"name\" : \"iOS\",\n      \"version\" : \"12.1.2\",\n      \"sdkVersion\" : \"12.0\"\n    },\n    \"ios\" : {\n      \"simulatorVersion\" : \"12.1.2\",\n      \"ip\" : \"192.168.1.3\"\n    },\n    \"build\" : {\n      \"upgradedAt\" : \"1545329693015\",\n      \"time\" : \"Dec 20 2018 23:59:49\",\n      \"productBundleIdentifier\" : \"com.facebook.WebDriverAgentRunner\"\n    }\n  },\n  \"sessionId\" : \"DDA575FF-172F-43A9-9195-FFEA896EE28F\",\n  \"status\" : 0\n}"
2018-12-27 13:54:05:565 - info: [debug] [XCUITest] WebDriverAgent information:
2018-12-27 13:54:05:565 - info: [debug] [XCUITest] {
2018-12-27 13:54:05:565 - info: [debug] [XCUITest]   "state": "success",
2018-12-27 13:54:05:565 - info: [debug] [XCUITest]   "os": {
2018-12-27 13:54:05:566 - info: [debug] [XCUITest]     "name": "iOS",
2018-12-27 13:54:05:566 - info: [debug] [XCUITest]     "version": "12.1.2",
2018-12-27 13:54:05:567 - info: [debug] [XCUITest]     "sdkVersion": "12.0"
2018-12-27 13:54:05:567 - info: [debug] [XCUITest]   },
2018-12-27 13:54:05:567 - info: [debug] [XCUITest]   "ios": {
2018-12-27 13:54:05:567 - info: [debug] [XCUITest]     "simulatorVersion": "12.1.2",
2018-12-27 13:54:05:567 - info: [debug] [XCUITest]     "ip": "192.168.1.3"
2018-12-27 13:54:05:567 - info: [debug] [XCUITest]   },
2018-12-27 13:54:05:567 - info: [debug] [XCUITest]   "build": {
2018-12-27 13:54:05:567 - info: [debug] [XCUITest]     "upgradedAt": "1545329693015",
2018-12-27 13:54:05:567 - info: [debug] [XCUITest]     "time": "Dec 20 2018 23:59:49",
2018-12-27 13:54:05:567 - info: [debug] [XCUITest]     "productBundleIdentifier": "com.facebook.WebDriverAgentRunner"
2018-12-27 13:54:05:567 - info: [debug] [XCUITest]   }
2018-12-27 13:54:05:567 - info: [debug] [XCUITest] }
2018-12-27 13:54:05:568 - info: [debug] [XCUITest] WebDriverAgent successfully started after 12561ms
2018-12-27 13:54:05:568 - info: [debug] [BaseDriver] Event 'wdaSessionAttempted' logged at 1545918845568 (19:24:05 GMT+0530 (IST))
2018-12-27 13:54:05:568 - info: [debug] [XCUITest] Sending createSession command to WDA
2018-12-27 13:54:05:568 - info: [debug] [JSONWP Proxy] Matched '/session' to command name 'createSession'
2018-12-27 13:54:05:569 - info: [debug] [JSONWP Proxy] Proxying [POST /session] to [POST http://localhost:8201/session] with body: {"desiredCapabilities":{"bundleId":"com.facebook.wda.integrationApp","arguments":[],"environment":{},"shouldWaitForQuiescence":true,"shouldUseTestManagerForVisibilityDetection":false,"maxTypingFrequency":60,"shouldUseSingletonTestManager":true}}
2018-12-27 13:54:07:090 - info: [debug] [JSONWP Proxy] Got response with status 200: {"value":{"sessionId":"B43C3ECA-EC0B-4E64-8069-06116DD4165C","capabilities":{"device":"iphone","browserName":"IntegrationApp","sdkVersion":"12.1.2","CFBundleIdentifier":"com.facebook.wda.integrationApp"}},"sessionId":"B43C3ECA-EC0B-4E64-8069-06116DD4165C","status":0}
2018-12-27 13:54:07:091 - info: [debug] [BaseDriver] Event 'wdaSessionStarted' logged at 1545918847091 (19:24:07 GMT+0530 (IST))
2018-12-27 13:54:07:091 - info: [debug] [BaseDriver] Event 'wdaStarted' logged at 1545918847091 (19:24:07 GMT+0530 (IST))
2018-12-27 13:54:07:092 - info: [XCUITest] Skipping setting of the initial display orientation. Set the "orientation" capability to either "LANDSCAPE" or "PORTRAIT", if this is an undesired behavior.
2018-12-27 13:54:07:092 - info: [debug] [BaseDriver] Event 'orientationSet' logged at 1545918847092 (19:24:07 GMT+0530 (IST))
2018-12-27 13:54:07:093 - info: [Appium] New XCUITestDriver session created successfully, session 50f4b539-c7d2-46a1-94ae-379af4edf4b3 added to master session list
2018-12-27 13:54:07:114 - info: [debug] [BaseDriver] Event 'newSessionStarted' logged at 1545918847094 (19:24:07 GMT+0530 (IST))
2018-12-27 13:54:07:117 - info: [debug] [W3C] Cached the protocol value 'W3C' for the new session 50f4b539-c7d2-46a1-94ae-379af4edf4b3
2018-12-27 13:54:07:118 - info: [debug] [W3C] Responding to client with driver.createSession() result: {"capabilities":{"webStorageEnabled":false,"locationContextEnabled":false,"browserName":"","platform":"MAC","javascriptEnabled":true,"databaseEnabled":false,"takesScreenshot":true,"networkConnectionEnabled":false,"platformName":"ios","server:CONFIG_UUID":"7d81347f-f278-41d5-b560-4209c112380f","app":"/Users/rahularora/Library/Developer/Xcode/DerivedData/WebDriverAgent-brdadhpuduowllgivnnvuygpwhzy/Build/Products/Debug-iphoneos/IntegrationApp.app","platformVersion":"12.1.2","automationName":"XCUITest","deviceName":"iPhone 7 plus","wdaLocalPort":8201,"udid":"7ae544323f497983cf0729bc81d5e6128342a125"}}
2018-12-27 13:54:07:119 - info: [HTTP] <-- POST /wd/hub/session 200 23305 ms - 665
2018-12-27 13:54:07:119 - info: [HTTP] 
2018-12-27 13:54:07:134 - info: [HTTP] --> GET /wd/hub/status
2018-12-27 13:54:07:135 - info: [HTTP] {}
2018-12-27 13:54:07:135 - info: [debug] [GENERIC] Calling AppiumDriver.getStatus() with args: []
2018-12-27 13:54:07:136 - info: [debug] [GENERIC] Responding to client with driver.getStatus() result: {"build":{"version":"1.9.1","git-sha":"f9ee7d068e14f10729f88ebd85db802c2e8ac21a","built":"2018-09-20T18:14:29Z"}}
2018-12-27 13:54:07:137 - info: [HTTP] <-- GET /wd/hub/status 200 2 ms - 151
2018-12-27 13:54:07:137 - info: [HTTP] 
2018-12-27 13:54:07:138 - info: [HTTP] --> GET /wd/hub/session/50f4b539-c7d2-46a1-94ae-379af4edf4b3
2018-12-27 13:54:07:138 - info: [HTTP] {}
2018-12-27 13:54:07:139 - info: [debug] [W3C] Calling AppiumDriver.getSession() with args: ["50f4b539-c7d2-46a1-94ae-379af4edf4b3"]
2018-12-27 13:54:07:140 - info: [debug] [XCUITest] Executing command 'getSession'
2018-12-27 13:54:07:154 - info: [debug] [JSONWP Proxy] Matched '/' to command name 'getSession'
2018-12-27 13:54:07:154 - info: [debug] [JSONWP Proxy] Proxying [GET /] to [GET http://localhost:8201/session/B43C3ECA-EC0B-4E64-8069-06116DD4165C] with no body
2018-12-27 13:54:07:197 - info: [debug] [JSONWP Proxy] Got response with status 200: "{\n  \"value\" : {\n    \"sessionId\" : \"B43C3ECA-EC0B-4E64-8069-06116DD4165C\",\n    \"capabilities\" : {\n      \"device\" : \"iphone\",\n      \"browserName\" : \"IntegrationApp\",\n      \"sdkVersion\" : \"12.1.2\",\n      \"CFBundleIdentifier\" : \"com.facebook.wda.integrationApp\"\n    }\n  },\n  \"sessionId\" : \"B43C3ECA-EC0B-4E64-8069-06116DD4165C\",\n  \"status\" : 0\n}"
2018-12-27 13:54:07:205 - info: [debug] [JSONWP Proxy] Proxying [GET /wda/screen] to [GET http://localhost:8201/session/B43C3ECA-EC0B-4E64-8069-06116DD4165C/wda/screen] with no body
2018-12-27 13:54:07:366 - info: [debug] [JSONWP Proxy] Got response with status 200: "{\n  \"value\" : {\n    \"statusBarSize\" : {\n      \"width\" : 414,\n      \"height\" : 20\n    },\n    \"scale\" : 2\n  },\n  \"sessionId\" : \"B43C3ECA-EC0B-4E64-8069-06116DD4165C\",\n  \"status\" : 0\n}"
2018-12-27 13:54:07:369 - info: [debug] [JSONWP Proxy] Proxying [GET /window/size] to [GET http://localhost:8201/session/B43C3ECA-EC0B-4E64-8069-06116DD4165C/window/size] with no body
2018-12-27 13:54:07:418 - info: [debug] [JSONWP Proxy] Got response with status 200: "{\n  \"value\" : {\n    \"width\" : 414,\n    \"height\" : 736\n  },\n  \"sessionId\" : \"B43C3ECA-EC0B-4E64-8069-06116DD4165C\",\n  \"status\" : 0\n}"
2018-12-27 13:54:07:419 - info: [XCUITest] Merging WDA caps over Appium caps for session detail response
2018-12-27 13:54:07:420 - info: [debug] [W3C] Responding to client with driver.getSession() result: {"udid":"7ae544323f497983cf0729bc81d5e6128342a125","platformName":"ios","server:CONFIG_UUID":"7d81347f-f278-41d5-b560-4209c112380f","app":"/Users/rahularora/Library/Developer/Xcode/DerivedData/WebDriverAgent-brdadhpuduowllgivnnvuygpwhzy/Build/Products/Debug-iphoneos/IntegrationApp.app","platformVersion":"12.1.2","automationName":"XCUITest","deviceName":"iPhone 7 plus","wdaLocalPort":8201,"device":"iphone","browserName":"IntegrationApp","sdkVersion":"12.1.2","CFBundleIdentifier":"com.facebook.wda.integrationApp","pixelRatio":2,"statBarHeight":20,"viewportRect":{"left":0,"top":40,"width":828,"height":1432}}
2018-12-27 13:54:07:420 - info: [HTTP] <-- GET /wd/hub/session/50f4b539-c7d2-46a1-94ae-379af4edf4b3 200 282 ms - 622
2018-12-27 13:54:07:421 - info: [HTTP] 
2018-12-27 13:54:07:427 - info: [HTTP] --> GET /wd/hub/session/50f4b539-c7d2-46a1-94ae-379af4edf4b3
2018-12-27 13:54:07:427 - info: [HTTP] {}
2018-12-27 13:54:07:427 - info: [debug] [W3C] Calling AppiumDriver.getSession() with args: ["50f4b539-c7d2-46a1-94ae-379af4edf4b3"]
2018-12-27 13:54:07:428 - info: [debug] [XCUITest] Executing command 'getSession'
2018-12-27 13:54:07:431 - info: [XCUITest] Merging WDA caps over Appium caps for session detail response
2018-12-27 13:54:07:432 - info: [debug] [W3C] Responding to client with driver.getSession() result: {"udid":"7ae544323f497983cf0729bc81d5e6128342a125","platformName":"ios","server:CONFIG_UUID":"7d81347f-f278-41d5-b560-4209c112380f","app":"/Users/rahularora/Library/Developer/Xcode/DerivedData/WebDriverAgent-brdadhpuduowllgivnnvuygpwhzy/Build/Products/Debug-iphoneos/IntegrationApp.app","platformVersion":"12.1.2","automationName":"XCUITest","deviceName":"iPhone 7 plus","wdaLocalPort":8201,"device":"iphone","browserName":"IntegrationApp","sdkVersion":"12.1.2","CFBundleIdentifier":"com.facebook.wda.integrationApp","pixelRatio":2,"statBarHeight":20,"viewportRect":{"left":0,"top":40,"width":828,"height":1432}}
2018-12-27 13:54:07:432 - info: [HTTP] <-- GET /wd/hub/session/50f4b539-c7d2-46a1-94ae-379af4edf4b3 200 5 ms - 622
2018-12-27 13:54:07:432 - info: [HTTP] 
2018-12-27 13:54:07:463 - info: [HTTP] --> POST /wd/hub/session/50f4b539-c7d2-46a1-94ae-379af4edf4b3/timeouts
2018-12-27 13:54:07:464 - info: [HTTP] {"implicit":80000}
2018-12-27 13:54:07:466 - info: [debug] [W3C] Calling AppiumDriver.timeouts() with args: [null,null,null,null,80000,"50f4b539-c7d2-46a1-94ae-379af4edf4b3"]
2018-12-27 13:54:07:466 - info: [debug] [XCUITest] Executing command 'timeouts'
2018-12-27 13:54:07:468 - info: [debug] [BaseDriver] W3C timeout argument: {"implicit":80000}}
2018-12-27 13:54:07:468 - info: [debug] [BaseDriver] Set implicit wait to 80000ms
2018-12-27 13:54:07:469 - info: [debug] [W3C] Responding to client with driver.timeouts() result: null
2018-12-27 13:54:07:469 - info: [HTTP] <-- POST /wd/hub/session/50f4b539-c7d2-46a1-94ae-379af4edf4b3/timeouts 200 27 ms - 14
2018-12-27 13:54:07:469 - info: [HTTP] 
2018-12-27 13:54:07:480 - info: [HTTP] --> POST /wd/hub/session/50f4b539-c7d2-46a1-94ae-379af4edf4b3/element
2018-12-27 13:54:07:480 - info: [HTTP] {"using":"accessibility id","value":"Attributes"}
2018-12-27 13:54:07:481 - info: [debug] [W3C] Calling AppiumDriver.findElement() with args: ["accessibility id","Attributes","50f4b539-c7d2-46a1-94ae-379af4edf4b3"]
2018-12-27 13:54:07:482 - info: [debug] [XCUITest] Executing command 'findElement'
2018-12-27 13:54:07:484 - info: [debug] [BaseDriver] Valid locator strategies for this request: xpath, id, name, class name, -ios predicate string, -ios class chain, accessibility id
2018-12-27 13:54:07:485 - info: [debug] [BaseDriver] Waiting up to 80000 ms for condition
2018-12-27 13:54:07:487 - info: [debug] [JSONWP Proxy] Matched '/element' to command name 'findElement'
2018-12-27 13:54:07:487 - info: [debug] [JSONWP Proxy] Proxying [POST /element] to [POST http://localhost:8201/session/B43C3ECA-EC0B-4E64-8069-06116DD4165C/element] with body: {"using":"accessibility id","value":"Attributes"}
2018-12-27 13:54:07:615 - info: [debug] [JSONWP Proxy] Got response with status 200: {"value":{"ELEMENT":"18000000-0000-0000-D702-000000000000"},"sessionId":"B43C3ECA-EC0B-4E64-8069-06116DD4165C","status":0}
2018-12-27 13:54:07:616 - info: [debug] [W3C] Responding to client with driver.findElement() result: {"element-6066-11e4-a52e-4f735466cecf":"18000000-0000-0000-D702-000000000000"}
2018-12-27 13:54:07:617 - info: [HTTP] <-- POST /wd/hub/session/50f4b539-c7d2-46a1-94ae-379af4edf4b3/element 200 137 ms - 88
2018-12-27 13:54:07:617 - info: [HTTP] 
2018-12-27 13:54:07:627 - info: [HTTP] --> POST /wd/hub/session/50f4b539-c7d2-46a1-94ae-379af4edf4b3/element/18000000-0000-0000-D702-000000000000/click
2018-12-27 13:54:07:628 - info: [HTTP] {"id":"18000000-0000-0000-D702-000000000000"}
2018-12-27 13:54:07:631 - info: [W3C] Driver proxy active, passing request on via HTTP proxy
2018-12-27 13:54:07:632 - info: [debug] [XCUITest] Executing command 'proxyReqRes'
2018-12-27 13:54:07:635 - info: [debug] [JSONWP Proxy] Matched '/wd/hub/session/50f4b539-c7d2-46a1-94ae-379af4edf4b3/element/18000000-0000-0000-D702-000000000000/click' to command name 'click'
2018-12-27 13:54:07:636 - info: [debug] [JSONWP Proxy] Proxying [POST /wd/hub/session/50f4b539-c7d2-46a1-94ae-379af4edf4b3/element/18000000-0000-0000-D702-000000000000/click] to [POST http://localhost:8201/session/B43C3ECA-EC0B-4E64-8069-06116DD4165C/element/18000000-0000-0000-D702-000000000000/click] with body: {"id":"18000000-0000-0000-D702-000000000000"}
2018-12-27 13:54:08:096 - info: [debug] [JSONWP Proxy] Got response with status 200: {"status":0,"id":"18000000-0000-0000-D702-000000000000","value":"","sessionId":"B43C3ECA-EC0B-4E64-8069-06116DD4165C"}
2018-12-27 13:54:08:097 - info: [JSONWP Proxy] Replacing sessionId B43C3ECA-EC0B-4E64-8069-06116DD4165C with 50f4b539-c7d2-46a1-94ae-379af4edf4b3
2018-12-27 13:54:08:098 - info: [HTTP] <-- POST /wd/hub/session/50f4b539-c7d2-46a1-94ae-379af4edf4b3/element/18000000-0000-0000-D702-000000000000/click 200 470 ms - 118
2018-12-27 13:54:08:099 - info: [HTTP] 
2018-12-27 13:54:08:107 - info: [HTTP] --> POST /wd/hub/session/50f4b539-c7d2-46a1-94ae-379af4edf4b3/element
2018-12-27 13:54:08:107 - info: [HTTP] {"using":"class name","value":"XCUIElementTypeSwitch"}
2018-12-27 13:54:08:108 - info: [debug] [W3C] Calling AppiumDriver.findElement() with args: ["class name","XCUIElementTypeSwitch","50f4b539-c7d2-46a1-94ae-379af4edf4b3"]
2018-12-27 13:54:08:108 - info: [debug] [XCUITest] Executing command 'findElement'
2018-12-27 13:54:08:114 - info: [debug] [BaseDriver] Valid locator strategies for this request: xpath, id, name, class name, -ios predicate string, -ios class chain, accessibility id
2018-12-27 13:54:08:115 - info: [debug] [BaseDriver] Waiting up to 80000 ms for condition
2018-12-27 13:54:08:118 - info: [debug] [JSONWP Proxy] Matched '/element' to command name 'findElement'
2018-12-27 13:54:08:118 - info: [debug] [JSONWP Proxy] Proxying [POST /element] to [POST http://localhost:8201/session/B43C3ECA-EC0B-4E64-8069-06116DD4165C/element] with body: {"using":"class name","value":"XCUIElementTypeSwitch"}
2018-12-27 13:54:08:302 - info: [debug] [JSONWP Proxy] Got response with status 200: {"value":{"ELEMENT":"2B000000-0000-0000-D702-000000000000"},"sessionId":"B43C3ECA-EC0B-4E64-8069-06116DD4165C","status":0}
2018-12-27 13:54:08:303 - info: [debug] [W3C] Responding to client with driver.findElement() result: {"element-6066-11e4-a52e-4f735466cecf":"2B000000-0000-0000-D702-000000000000"}
2018-12-27 13:54:08:303 - info: [HTTP] <-- POST /wd/hub/session/50f4b539-c7d2-46a1-94ae-379af4edf4b3/element 200 196 ms - 88
2018-12-27 13:54:08:303 - info: [HTTP] 
2018-12-27 13:54:08:310 - info: [HTTP] --> GET /wd/hub/session/50f4b539-c7d2-46a1-94ae-379af4edf4b3/element/2B000000-0000-0000-D702-000000000000/attribute/value
2018-12-27 13:54:08:310 - info: [HTTP] {}
2018-12-27 13:54:08:311 - info: [debug] [W3C] Calling AppiumDriver.getAttribute() with args: ["value","2B000000-0000-0000-D702-000000000000","50f4b539-c7d2-46a1-94ae-379af4edf4b3"]
2018-12-27 13:54:08:311 - info: [debug] [XCUITest] Executing command 'getAttribute'
2018-12-27 13:54:08:315 - info: [debug] [JSONWP Proxy] Matched '/element/2B000000-0000-0000-D702-000000000000/attribute/value' to command name 'getAttribute'
2018-12-27 13:54:08:315 - info: [debug] [JSONWP Proxy] Proxying [GET /element/2B000000-0000-0000-D702-000000000000/attribute/value] to [GET http://localhost:8201/session/B43C3ECA-EC0B-4E64-8069-06116DD4165C/element/2B000000-0000-0000-D702-000000000000/attribute/value] with no body
2018-12-27 13:54:08:379 - info: [debug] [JSONWP Proxy] Got response with status 200: "{\n  \"value\" : \"1\",\n  \"sessionId\" : \"B43C3ECA-EC0B-4E64-8069-06116DD4165C\",\n  \"status\" : 0\n}"
2018-12-27 13:54:08:380 - info: [debug] [W3C] Responding to client with driver.getAttribute() result: "1"
2018-12-27 13:54:08:382 - info: [HTTP] <-- GET /wd/hub/session/50f4b539-c7d2-46a1-94ae-379af4edf4b3/element/2B000000-0000-0000-D702-000000000000/attribute/value 200 71 ms - 13
2018-12-27 13:54:08:382 - info: [HTTP] 
2018-12-27 13:54:08:392 - info: [HTTP] --> POST /wd/hub/session/50f4b539-c7d2-46a1-94ae-379af4edf4b3/element/2B000000-0000-0000-D702-000000000000/click
2018-12-27 13:54:08:392 - info: [HTTP] {"id":"2B000000-0000-0000-D702-000000000000"}
2018-12-27 13:54:08:393 - info: [W3C] Driver proxy active, passing request on via HTTP proxy
2018-12-27 13:54:08:393 - info: [debug] [XCUITest] Executing command 'proxyReqRes'
2018-12-27 13:54:08:395 - info: [debug] [JSONWP Proxy] Matched '/wd/hub/session/50f4b539-c7d2-46a1-94ae-379af4edf4b3/element/2B000000-0000-0000-D702-000000000000/click' to command name 'click'
2018-12-27 13:54:08:414 - info: [debug] [JSONWP Proxy] Proxying [POST /wd/hub/session/50f4b539-c7d2-46a1-94ae-379af4edf4b3/element/2B000000-0000-0000-D702-000000000000/click] to [POST http://localhost:8201/session/B43C3ECA-EC0B-4E64-8069-06116DD4165C/element/2B000000-0000-0000-D702-000000000000/click] with body: {"id":"2B000000-0000-0000-D702-000000000000"}
2018-12-27 13:54:08:949 - info: [debug] [JSONWP Proxy] Got response with status 200: {"status":0,"id":"2B000000-0000-0000-D702-000000000000","value":"","sessionId":"B43C3ECA-EC0B-4E64-8069-06116DD4165C"}
2018-12-27 13:54:08:950 - info: [JSONWP Proxy] Replacing sessionId B43C3ECA-EC0B-4E64-8069-06116DD4165C with 50f4b539-c7d2-46a1-94ae-379af4edf4b3
2018-12-27 13:54:08:951 - info: [HTTP] <-- POST /wd/hub/session/50f4b539-c7d2-46a1-94ae-379af4edf4b3/element/2B000000-0000-0000-D702-000000000000/click 200 558 ms - 118
2018-12-27 13:54:08:951 - info: [HTTP] 
2018-12-27 13:54:09:143 - info: [HTTP] --> GET /wd/hub/status
2018-12-27 13:54:09:143 - info: [HTTP] {}
2018-12-27 13:54:09:143 - info: [debug] [GENERIC] Calling AppiumDriver.getStatus() with args: []
2018-12-27 13:54:09:144 - info: [debug] [GENERIC] Responding to client with driver.getStatus() result: {"build":{"version":"1.9.1","git-sha":"f9ee7d068e14f10729f88ebd85db802c2e8ac21a","built":"2018-09-20T18:14:29Z"}}
2018-12-27 13:54:09:148 - info: [HTTP] <-- GET /wd/hub/status 200 2 ms - 151
2018-12-27 13:54:09:148 - info: [HTTP] 
2018-12-27 13:54:11:155 - info: [HTTP] --> GET /wd/hub/status
2018-12-27 13:54:11:156 - info: [HTTP] {}
2018-12-27 13:54:11:156 - info: [debug] [GENERIC] Calling AppiumDriver.getStatus() with args: []
2018-12-27 13:54:11:156 - info: [debug] [GENERIC] Responding to client with driver.getStatus() result: {"build":{"version":"1.9.1","git-sha":"f9ee7d068e14f10729f88ebd85db802c2e8ac21a","built":"2018-09-20T18:14:29Z"}}
2018-12-27 13:54:11:157 - info: [HTTP] <-- GET /wd/hub/status 200 1 ms - 151
2018-12-27 13:54:11:157 - info: [HTTP] 
2018-12-27 13:54:11:958 - info: [HTTP] --> GET /wd/hub/session/50f4b539-c7d2-46a1-94ae-379af4edf4b3/element/2B000000-0000-0000-D702-000000000000/attribute/value
2018-12-27 13:54:11:958 - info: [HTTP] {}
2018-12-27 13:54:11:958 - info: [debug] [W3C] Calling AppiumDriver.getAttribute() with args: ["value","2B000000-0000-0000-D702-000000000000","50f4b539-c7d2-46a1-94ae-379af4edf4b3"]
2018-12-27 13:54:11:958 - info: [debug] [XCUITest] Executing command 'getAttribute'
2018-12-27 13:54:11:960 - info: [debug] [JSONWP Proxy] Matched '/element/2B000000-0000-0000-D702-000000000000/attribute/value' to command name 'getAttribute'
2018-12-27 13:54:11:960 - info: [debug] [JSONWP Proxy] Proxying [GET /element/2B000000-0000-0000-D702-000000000000/attribute/value] to [GET http://localhost:8201/session/B43C3ECA-EC0B-4E64-8069-06116DD4165C/element/2B000000-0000-0000-D702-000000000000/attribute/value] with no body
2018-12-27 13:54:12:139 - info: [debug] [JSONWP Proxy] Got response with status 200: "{\n  \"value\" : \"0\",\n  \"sessionId\" : \"B43C3ECA-EC0B-4E64-8069-06116DD4165C\",\n  \"status\" : 0\n}"
2018-12-27 13:54:12:140 - info: [debug] [W3C] Responding to client with driver.getAttribute() result: "0"
2018-12-27 13:54:12:141 - info: [HTTP] <-- GET /wd/hub/session/50f4b539-c7d2-46a1-94ae-379af4edf4b3/element/2B000000-0000-0000-D702-000000000000/attribute/value 200 183 ms - 13
2018-12-27 13:54:12:141 - info: [HTTP] 
2018-12-27 13:54:12:154 - info: [HTTP] --> POST /wd/hub/session/50f4b539-c7d2-46a1-94ae-379af4edf4b3/element/2B000000-0000-0000-D702-000000000000/click
2018-12-27 13:54:12:154 - info: [HTTP] {"id":"2B000000-0000-0000-D702-000000000000"}
2018-12-27 13:54:12:154 - info: [W3C] Driver proxy active, passing request on via HTTP proxy
2018-12-27 13:54:12:154 - info: [debug] [XCUITest] Executing command 'proxyReqRes'
2018-12-27 13:54:12:156 - info: [debug] [JSONWP Proxy] Matched '/wd/hub/session/50f4b539-c7d2-46a1-94ae-379af4edf4b3/element/2B000000-0000-0000-D702-000000000000/click' to command name 'click'
2018-12-27 13:54:12:163 - info: [debug] [JSONWP Proxy] Proxying [POST /wd/hub/session/50f4b539-c7d2-46a1-94ae-379af4edf4b3/element/2B000000-0000-0000-D702-000000000000/click] to [POST http://localhost:8201/session/B43C3ECA-EC0B-4E64-8069-06116DD4165C/element/2B000000-0000-0000-D702-000000000000/click] with body: {"id":"2B000000-0000-0000-D702-000000000000"}
2018-12-27 13:54:12:619 - info: [debug] [JSONWP Proxy] Got response with status 200: {"status":0,"id":"2B000000-0000-0000-D702-000000000000","value":"","sessionId":"B43C3ECA-EC0B-4E64-8069-06116DD4165C"}
2018-12-27 13:54:12:620 - info: [JSONWP Proxy] Replacing sessionId B43C3ECA-EC0B-4E64-8069-06116DD4165C with 50f4b539-c7d2-46a1-94ae-379af4edf4b3
2018-12-27 13:54:12:620 - info: [HTTP] <-- POST /wd/hub/session/50f4b539-c7d2-46a1-94ae-379af4edf4b3/element/2B000000-0000-0000-D702-000000000000/click 200 466 ms - 118
2018-12-27 13:54:12:620 - info: [HTTP] 
2018-12-27 13:54:13:165 - info: [HTTP] --> GET /wd/hub/status
2018-12-27 13:54:13:166 - info: [HTTP] {}
2018-12-27 13:54:13:166 - info: [debug] [GENERIC] Calling AppiumDriver.getStatus() with args: []
2018-12-27 13:54:13:167 - info: [debug] [GENERIC] Responding to client with driver.getStatus() result: {"build":{"version":"1.9.1","git-sha":"f9ee7d068e14f10729f88ebd85db802c2e8ac21a","built":"2018-09-20T18:14:29Z"}}
2018-12-27 13:54:13:167 - info: [HTTP] <-- GET /wd/hub/status 200 2 ms - 151
2018-12-27 13:54:13:167 - info: [HTTP] 
2018-12-27 13:54:15:173 - info: [HTTP] --> GET /wd/hub/status
2018-12-27 13:54:15:173 - info: [HTTP] {}
2018-12-27 13:54:15:173 - info: [debug] [GENERIC] Calling AppiumDriver.getStatus() with args: []
2018-12-27 13:54:15:173 - info: [debug] [GENERIC] Responding to client with driver.getStatus() result: {"build":{"version":"1.9.1","git-sha":"f9ee7d068e14f10729f88ebd85db802c2e8ac21a","built":"2018-09-20T18:14:29Z"}}
2018-12-27 13:54:15:174 - info: [HTTP] <-- GET /wd/hub/status 200 1 ms - 151
2018-12-27 13:54:15:174 - info: [HTTP] 
2018-12-27 13:54:15:634 - info: [HTTP] --> DELETE /wd/hub/session/50f4b539-c7d2-46a1-94ae-379af4edf4b3
2018-12-27 13:54:15:635 - info: [HTTP] {}
2018-12-27 13:54:15:635 - info: [debug] [W3C] Calling AppiumDriver.deleteSession() with args: ["50f4b539-c7d2-46a1-94ae-379af4edf4b3"]
2018-12-27 13:54:15:635 - info: [debug] [BaseDriver] Event 'quitSessionRequested' logged at 1545918855635 (19:24:15 GMT+0530 (IST))
2018-12-27 13:54:15:636 - info: [Appium] Removing session 50f4b539-c7d2-46a1-94ae-379af4edf4b3 from our master session list
2018-12-27 13:54:15:637 - info: [debug] [JSONWP Proxy] Matched '/session/50f4b539-c7d2-46a1-94ae-379af4edf4b3' to command name 'deleteSession'
2018-12-27 13:54:15:637 - info: [debug] [JSONWP Proxy] Proxying [DELETE /session/50f4b539-c7d2-46a1-94ae-379af4edf4b3] to [DELETE http://localhost:8201/session/B43C3ECA-EC0B-4E64-8069-06116DD4165C] with no body
2018-12-27 13:54:16:687 - info: [debug] [JSONWP Proxy] Got response with status 200: "{\n  \"value\" : {\n\n  },\n  \"sessionId\" : \"82B8EDEA-A6E2-4AD1-9AF3-5DE9B941C02E\",\n  \"status\" : 0\n}"
2018-12-27 13:54:16:688 - info: [debug] [XCUITest] Not clearing log files. Use `clearSystemFiles` capability to turn on.
2018-12-27 13:54:16:688 - info: [debug] [iOSLog] Stopping iOS log capture
2018-12-27 13:54:16:691 - info: [debug] [BaseDriver] Event 'quitSessionFinished' logged at 1545918856691 (19:24:16 GMT+0530 (IST))
2018-12-27 13:54:16:691 - info: [debug] [W3C] Received response: null
2018-12-27 13:54:16:692 - info: [debug] [W3C] But deleting session, so not returning
2018-12-27 13:54:16:692 - info: [debug] [W3C] Responding to client with driver.deleteSession() result: null
2018-12-27 13:54:16:692 - info: [HTTP] <-- DELETE /wd/hub/session/50f4b539-c7d2-46a1-94ae-379af4edf4b3 200 1058 ms - 14
2018-12-27 13:54:16:693 - info: [HTTP] 
2018-12-27 13:54:17:185 - info: [HTTP] --> GET /wd/hub/status
2018-12-27 13:54:17:185 - info: [HTTP] {}
2018-12-27 13:54:17:186 - info: [debug] [GENERIC] Calling AppiumDriver.getStatus() with args: []
2018-12-27 13:54:17:186 - info: [debug] [GENERIC] Responding to client with driver.getStatus() result: {"build":{"version":"1.9.1","git-sha":"f9ee7d068e14f10729f88ebd85db802c2e8ac21a","built":"2018-09-20T18:14:29Z"}}
2018-12-27 13:54:17:187 - info: [HTTP] <-- GET /wd/hub/status 200 2 ms - 151
2018-12-27 13:54:17:187 - info: [HTTP] 
2018-12-27 13:54:19:192 - info: [HTTP] --> GET /wd/hub/status
2018-12-27 13:54:19:192 - info: [HTTP] {}
2018-12-27 13:54:19:192 - info: [debug] [GENERIC] Calling AppiumDriver.getStatus() with args: []
2018-12-27 13:54:19:194 - info: [debug] [GENERIC] Responding to client with driver.getStatus() result: {"build":{"version":"1.9.1","git-sha":"f9ee7d068e14f10729f88ebd85db802c2e8ac21a","built":"2018-09-20T18:14:29Z"}}
2018-12-27 13:54:19:194 - info: [HTTP] <-- GET /wd/hub/status 200 2 ms - 151
2018-12-27 13:54:19:194 - info: [HTTP] 
2018-12-27 13:54:21:199 - info: [HTTP] --> GET /wd/hub/status
2018-12-27 13:54:21:199 - info: [HTTP] {}
2018-12-27 13:54:21:199 - info: [debug] [GENERIC] Calling AppiumDriver.getStatus() with args: []
2018-12-27 13:54:21:200 - info: [debug] [GENERIC] Responding to client with driver.getStatus() result: {"build":{"version":"1.9.1","git-sha":"f9ee7d068e14f10729f88ebd85db802c2e8ac21a","built":"2018-09-20T18:14:29Z"}}
2018-12-27 13:54:21:200 - info: [HTTP] <-- GET /wd/hub/status 200 1 ms - 151
2018-12-27 13:54:21:201 - info: [HTTP] 
2018-12-27 13:54:23:214 - info: [HTTP] --> GET /wd/hub/status
2018-12-27 13:54:23:214 - info: [HTTP] {}
2018-12-27 13:54:23:215 - info: [debug] [GENERIC] Calling AppiumDriver.getStatus() with args: []
2018-12-27 13:54:23:215 - info: [debug] [GENERIC] Responding to client with driver.getStatus() result: {"build":{"version":"1.9.1","git-sha":"f9ee7d068e14f10729f88ebd85db802c2e8ac21a","built":"2018-09-20T18:14:29Z"}}
2018-12-27 13:54:23:216 - info: [HTTP] <-- GET /wd/hub/status 200 1 ms - 151
2018-12-27 13:54:23:216 - info: [HTTP] 
2018-12-27 13:54:25:223 - info: [HTTP] --> GET /wd/hub/status
2018-12-27 13:54:25:223 - info: [HTTP] {}
2018-12-27 13:54:25:224 - info: [debug] [GENERIC] Calling AppiumDriver.getStatus() with args: []
2018-12-27 13:54:25:224 - info: [debug] [GENERIC] Responding to client with driver.getStatus() result: {"build":{"version":"1.9.1","git-sha":"f9ee7d068e14f10729f88ebd85db802c2e8ac21a","built":"2018-09-20T18:14:29Z"}}
2018-12-27 13:54:25:225 - info: [HTTP] <-- GET /wd/hub/status 200 2 ms - 151
2018-12-27 13:54:25:225 - info: [HTTP] 
2018-12-27 13:54:27:233 - info: [HTTP] --> GET /wd/hub/status
2018-12-27 13:54:27:233 - info: [HTTP] {}
2018-12-27 13:54:27:233 - info: [debug] [GENERIC] Calling AppiumDriver.getStatus() with args: []
2018-12-27 13:54:27:234 - info: [debug] [GENERIC] Responding to client with driver.getStatus() result: {"build":{"version":"1.9.1","git-sha":"f9ee7d068e14f10729f88ebd85db802c2e8ac21a","built":"2018-09-20T18:14:29Z"}}
2018-12-27 13:54:27:234 - info: [HTTP] <-- GET /wd/hub/status 200 2 ms - 151
2018-12-27 13:54:27:235 - info: [HTTP] 
2018-12-27 13:54:29:243 - info: [HTTP] --> GET /wd/hub/status
2018-12-27 13:54:29:244 - info: [HTTP] {}
2018-12-27 13:54:29:245 - info: [debug] [GENERIC] Calling AppiumDriver.getStatus() with args: []
2018-12-27 13:54:29:245 - info: [debug] [GENERIC] Responding to client with driver.getStatus() result: {"build":{"version":"1.9.1","git-sha":"f9ee7d068e14f10729f88ebd85db802c2e8ac21a","built":"2018-09-20T18:14:29Z"}}
2018-12-27 13:54:29:246 - info: [HTTP] <-- GET /wd/hub/status 200 3 ms - 151
2018-12-27 13:54:29:246 - info: [HTTP] 
2018-12-27 13:54:31:253 - info: [HTTP] --> GET /wd/hub/status
2018-12-27 13:54:31:254 - info: [HTTP] {}
2018-12-27 13:54:31:254 - info: [debug] [GENERIC] Calling AppiumDriver.getStatus() with args: []
2018-12-27 13:54:31:255 - info: [debug] [GENERIC] Responding to client with driver.getStatus() result: {"build":{"version":"1.9.1","git-sha":"f9ee7d068e14f10729f88ebd85db802c2e8ac21a","built":"2018-09-20T18:14:29Z"}}
2018-12-27 13:54:31:257 - info: [HTTP] <-- GET /wd/hub/status 200 2 ms - 151
2018-12-27 13:54:31:257 - info: [HTTP] 
2018-12-27 13:54:33:264 - info: [HTTP] --> GET /wd/hub/status
2018-12-27 13:54:33:264 - info: [HTTP] {}
2018-12-27 13:54:33:265 - info: [debug] [GENERIC] Calling AppiumDriver.getStatus() with args: []
2018-12-27 13:54:33:265 - info: [debug] [GENERIC] Responding to client with driver.getStatus() result: {"build":{"version":"1.9.1","git-sha":"f9ee7d068e14f10729f88ebd85db802c2e8ac21a","built":"2018-09-20T18:14:29Z"}}
2018-12-27 13:54:33:266 - info: [HTTP] <-- GET /wd/hub/status 200 1 ms - 151
2018-12-27 13:54:33:266 - info: [HTTP] 
2018-12-27 13:54:35:271 - info: [HTTP] --> GET /wd/hub/status
2018-12-27 13:54:35:272 - info: [HTTP] {}
2018-12-27 13:54:35:272 - info: [debug] [GENERIC] Calling AppiumDriver.getStatus() with args: []
2018-12-27 13:54:35:273 - info: [debug] [GENERIC] Responding to client with driver.getStatus() result: {"build":{"version":"1.9.1","git-sha":"f9ee7d068e14f10729f88ebd85db802c2e8ac21a","built":"2018-09-20T18:14:29Z"}}
2018-12-27 13:54:35:274 - info: [HTTP] <-- GET /wd/hub/status 200 3 ms - 151
2018-12-27 13:54:35:274 - info: [HTTP] 
2018-12-27 13:54:35:934 - info: [Appium] Received SIGINT - shutting down
